Copyright 1986-2019 Xilinx, Inc. All Rights Reserved.
---------------------------------------------------------------------------------------------
| Tool Version : Vivado v.2019.1 (lin64) Build 2552052 Fri May 24 14:47:09 MDT 2019
| Date         : Sun May  3 01:33:35 2020
| Host         : y-Blade-Stealth running 64-bit Ubuntu 16.04.6 LTS
| Command      : report_control_sets -verbose -file design_1_wrapper_control_sets_placed.rpt
| Design       : design_1_wrapper
| Device       : xczu3eg
---------------------------------------------------------------------------------------------

Control Set Information

Table of Contents
-----------------
1. Summary
2. Histogram
3. Flip-Flop Distribution
4. Detailed Control Set Information

1. Summary
----------

+----------------------------------------------------------+-------+
|                          Status                          | Count |
+----------------------------------------------------------+-------+
| Total control sets                                       |    76 |
|    Minimum number of control sets                        |    76 |
|    Addition due to synthesis replication                 |     0 |
|    Addition due to physical synthesis replication        |     0 |
| Unused register locations in slices containing registers |    77 |
+----------------------------------------------------------+-------+
* Control sets can be merged at opt_design using control_set_merge or merge_equivalent_drivers
** Run report_qor_suggestions for automated merging and remapping suggestions


2. Histogram
------------

+--------------------+-------+
|       Fanout       | Count |
+--------------------+-------+
| Total control sets |    76 |
| >= 0 to < 4        |    22 |
| >= 4 to < 6        |     7 |
| >= 6 to < 8        |     5 |
| >= 8 to < 10       |    19 |
| >= 10 to < 12      |     1 |
| >= 12 to < 14      |     1 |
| >= 14 to < 16      |     0 |
| >= 16              |    21 |
+--------------------+-------+
* Control sets can be remapped at either synth_design or opt_design


3. Flip-Flop Distribution
-------------------------

+--------------+-----------------------+------------------------+-----------------+--------------+
| Clock Enable | Synchronous Set/Reset | Asynchronous Set/Reset | Total Registers | Total Slices |
+--------------+-----------------------+------------------------+-----------------+--------------+
| No           | No                    | No                     |             138 |           44 |
| No           | No                    | Yes                    |              29 |            7 |
| No           | Yes                   | No                     |             196 |           68 |
| Yes          | No                    | No                     |             173 |           46 |
| Yes          | No                    | Yes                    |              15 |            7 |
| Yes          | Yes                   | No                     |             700 |          167 |
+--------------+-----------------------+------------------------+-----------------+--------------+


4. Detailed Control Set Information
-----------------------------------

+----------------------------------------------------------------+------------------------------------------------------------------------------------------------------------------------------------------------------------------------------------------------------------+------------------------------------------------------------------------------------------------------------------------------------------------+------------------+----------------+
|                          Clock Signal                          |                                                                                                Enable Signal                                                                                               |                                                                Set/Reset Signal                                                                | Slice Load Count | Bel Load Count |
+----------------------------------------------------------------+------------------------------------------------------------------------------------------------------------------------------------------------------------------------------------------------------------+------------------------------------------------------------------------------------------------------------------------------------------------+------------------+----------------+
|  design_1_i/mdm_1/U0/Use_E2.BSCAN_I/Dbg_Update_0               |                                                                                                                                                                                                            |                                                                                                                                                |                1 |              1 |
|  design_1_i/zynq_ultra_ps_e_0/inst/pl_clk0                     |                                                                                                                                                                                                            | design_1_i/microblaze_0/U0/MicroBlaze_Core_I/Performance.Core/Use_Debug_Logic.Master_Core.Debug_Perf/capture_1                                 |                1 |              1 |
|  design_1_i/mdm_1/U0/Use_E2.BSCAN_I/Dbg_Update_0               | design_1_i/microblaze_0/U0/MicroBlaze_Core_I/Performance.Core/Use_Debug_Logic.Master_Core.Debug_Perf/Control_Reg_En                                                                                        | design_1_i/microblaze_0/U0/MicroBlaze_Core_I/Performance.Core/Use_Debug_Logic.Master_Core.Debug_Perf/Serial_Dbg_Intf.force_stop_cmd_i_reg_0    |                1 |              1 |
|  design_1_i/mdm_1/U0/Use_E2.BSCAN_I/Dbg_Update_0               | design_1_i/microblaze_0/U0/MicroBlaze_Core_I/Performance.Core/Use_Debug_Logic.Master_Core.Debug_Perf/Control_Reg_En                                                                                        | design_1_i/microblaze_0/U0/MicroBlaze_Core_I/Performance.Core/Use_Debug_Logic.Master_Core.Debug_Perf/Serial_Dbg_Intf.continue_from_brk_reg_n_0 |                1 |              1 |
|  design_1_i/mdm_1/U0/Use_E2.BSCAN_I/Dbg_Update_0               | design_1_i/microblaze_0/U0/MicroBlaze_Core_I/Performance.Core/Use_Debug_Logic.Master_Core.Debug_Perf/Control_Reg_En                                                                                        | design_1_i/microblaze_0/U0/MicroBlaze_Core_I/Performance.Core/Use_Debug_Logic.Master_Core.Debug_Perf/Serial_Dbg_Intf.normal_stop_cmd_i_reg_n_0 |                1 |              1 |
|  design_1_i/mdm_1/U0/Use_E2.BSCAN_I/Dbg_Update_0               | design_1_i/microblaze_0/U0/MicroBlaze_Core_I/Performance.Core/Use_Debug_Logic.Master_Core.Debug_Perf/Control_Reg_En                                                                                        | design_1_i/microblaze_0/U0/MicroBlaze_Core_I/Performance.Core/Use_Debug_Logic.Master_Core.Debug_Perf/start_single_step_reg_n_0                 |                1 |              1 |
| ~design_1_i/mdm_1/U0/Use_E2.BSCAN_I/Dbg_Update_0               |                                                                                                                                                                                                            | design_1_i/mdm_1/U0/MDM_Core_I1/JTAG_CONTROL_I/sel_n                                                                                           |                1 |              1 |
| ~design_1_i/mdm_1/U0/No_Dbg_Reg_Access.BUFG_DRCK/Ext_JTAG_DRCK | design_1_i/mdm_1/U0/MDM_Core_I1/JTAG_CONTROL_I/Use_BSCAN.FDC_I/CE                                                                                                                                          | design_1_i/mdm_1/U0/MDM_Core_I1/JTAG_CONTROL_I/Use_BSCAN.FDC_I/Q_0                                                                             |                1 |              1 |
|  design_1_i/mdm_1/U0/No_Dbg_Reg_Access.BUFG_DRCK/Ext_JTAG_DRCK | design_1_i/mdm_1/U0/Use_E2.BSCAN_I/Use_BSCAN.PORT_Selector_reg[0]                                                                                                                                          | design_1_i/mdm_1/U0/MDM_Core_I1/JTAG_CONTROL_I/sel_with_scan_reset19_out                                                                       |                1 |              1 |
|  design_1_i/zynq_ultra_ps_e_0/inst/pl_clk0                     | design_1_i/microblaze_0/U0/MicroBlaze_Core_I/Performance.Core/Use_Debug_Logic.Master_Core.Debug_Perf/single_step_count[0]_i_1_n_0                                                                          | design_1_i/microblaze_0/U0/MicroBlaze_Core_I/sync_reset                                                                                        |                1 |              2 |
|  design_1_i/zynq_ultra_ps_e_0/inst/pl_clk0                     | design_1_i/myip_0/inst/myip_v1_0_S00_AXI_inst/axi_arready0                                                                                                                                                 | design_1_i/rst_ps8_0_100M/U0/peripheral_aresetn[0]                                                                                             |                1 |              2 |
|  design_1_i/zynq_ultra_ps_e_0/inst/pl_clk0                     | design_1_i/myip_0/inst/myip_v1_0_S00_AXI_inst/axi_awready0                                                                                                                                                 | design_1_i/rst_ps8_0_100M/U0/peripheral_aresetn[0]                                                                                             |                1 |              2 |
|  design_1_i/zynq_ultra_ps_e_0/inst/pl_clk0                     |                                                                                                                                                                                                            | design_1_i/microblaze_0/U0/MicroBlaze_Core_I/Performance.Core/Decode_I/if_fetch_in_progress_i_1_n_0                                            |                1 |              2 |
|  design_1_i/zynq_ultra_ps_e_0/inst/pl_clk0                     | design_1_i/microblaze_0/U0/MicroBlaze_Core_I/Performance.Core/Decode_I/Use_MuxCy[7].OF_Piperun_Stage/MUXCY_I/lopt_10                                                                                       |                                                                                                                                                |                2 |              2 |
|  design_1_i/mdm_1/U0/No_Dbg_Reg_Access.BUFG_DRCK/Ext_JTAG_DRCK | design_1_i/mdm_1/U0/MDM_Core_I1/JTAG_CONTROL_I/Use_BSCAN.SYNC_FDRE/E[0]                                                                                                                                    |                                                                                                                                                |                2 |              2 |
|  design_1_i/zynq_ultra_ps_e_0/inst/pl_clk0                     | design_1_i/microblaze_0/U0/MicroBlaze_Core_I/Performance.Core/Decode_I/Use_MuxCy[7].OF_Piperun_Stage/MUXCY_I/lopt_10                                                                                       | design_1_i/microblaze_0/U0/MicroBlaze_Core_I/Performance.Core/Decode_I/Use_MuxCy[11].OF_Piperun_Stage/MUXCY_I/wb_exception_i_reg               |                1 |              2 |
|  design_1_i/mdm_1/U0/Use_E2.BSCAN_I/Dbg_Update_0               | design_1_i/mdm_1/U0/MDM_Core_I1/JTAG_CONTROL_I/Use_BSCAN.FDC_I/Debug_Rst_i0                                                                                                                                |                                                                                                                                                |                1 |              2 |
|  design_1_i/zynq_ultra_ps_e_0/inst/pl_clk0                     | design_1_i/microblaze_0/U0/MicroBlaze_Core_I/Performance.Core/Decode_I/mem_wait_on_ready_N_carry_or/MUXCY_I/lopt_13                                                                                        | design_1_i/microblaze_0/U0/MicroBlaze_Core_I/Performance.Core/Decode_I/flush_pipe                                                              |                2 |              2 |
|  design_1_i/mdm_1/U0/Use_E2.BSCAN_I/Dbg_Update_0               | design_1_i/microblaze_0/U0/MicroBlaze_Core_I/Performance.Core/Use_Debug_Logic.Master_Core.Debug_Perf/Command_Reg_En                                                                                        | design_1_i/microblaze_0/U0/MicroBlaze_Core_I/Performance.Core/Use_Debug_Logic.Master_Core.Debug_Perf/command_reg_clear                         |                1 |              2 |
|  design_1_i/zynq_ultra_ps_e_0/inst/pl_clk0                     | design_1_i/microblaze_0/U0/MicroBlaze_Core_I/Performance.Core/Decode_I/ex_sleep_i0                                                                                                                         | design_1_i/microblaze_0/U0/MicroBlaze_Core_I/Performance.Core/Decode_I/ex_hibernate_i_i_1_n_0                                                  |                1 |              3 |
|  design_1_i/zynq_ultra_ps_e_0/inst/pl_clk0                     | design_1_i/microblaze_0/U0/MicroBlaze_Core_I/Performance.Core/Decode_I/wb_PipeRun_i_reg_0[0]                                                                                                               | design_1_i/microblaze_0/U0/MicroBlaze_Core_I/sync_reset                                                                                        |                2 |              3 |
|  design_1_i/zynq_ultra_ps_e_0/inst/pl_clk0                     |                                                                                                                                                                                                            | design_1_i/microblaze_0/U0/MicroBlaze_Core_I/Performance.Core/Decode_I/dbg_stop_i                                                              |                1 |              3 |
|  design_1_i/mdm_1/U0/Use_E2.BSCAN_I/Dbg_Update_0               | design_1_i/mdm_1/U0/MDM_Core_I1/MDM_SEL                                                                                                                                                                    | design_1_i/mdm_1/U0/Use_E2.BSCAN_I/SEL                                                                                                         |                1 |              4 |
|  design_1_i/mdm_1/U0/No_Dbg_Reg_Access.BUFG_DRCK/Ext_JTAG_DRCK | design_1_i/mdm_1/U0/MDM_Core_I1/p_3_out                                                                                                                                                                    | design_1_i/mdm_1/U0/Use_E2.BSCAN_I/SEL                                                                                                         |                2 |              4 |
|  design_1_i/mdm_1/U0/Use_E2.BSCAN_I/Dbg_Update_0               | design_1_i/microblaze_0/U0/MicroBlaze_Core_I/Performance.Core/Use_Debug_Logic.Master_Core.Debug_Perf/Control_Reg_En                                                                                        |                                                                                                                                                |                3 |              4 |
|  design_1_i/zynq_ultra_ps_e_0/inst/pl_clk0                     |                                                                                                                                                                                                            | design_1_i/rst_ps8_0_100M/U0/bus_struct_reset[0]                                                                                               |                2 |              4 |
| ~design_1_i/mdm_1/U0/Use_E2.BSCAN_I/Dbg_Update_0               |                                                                                                                                                                                                            | design_1_i/mdm_1/U0/Use_E2.BSCAN_I/SEL                                                                                                         |                2 |              4 |
|  design_1_i/zynq_ultra_ps_e_0/inst/pl_clk0                     | design_1_i/microblaze_0/U0/MicroBlaze_Core_I/Performance.Core/Decode_I/wb_Halted                                                                                                                           | design_1_i/microblaze_0/U0/MicroBlaze_Core_I/sync_reset                                                                                        |                2 |              5 |
|  design_1_i/zynq_ultra_ps_e_0/inst/pl_clk0                     |                                                                                                                                                                                                            | design_1_i/rst_ps8_0_100M/U0/EXT_LPF/lpf_int                                                                                                   |                2 |              5 |
|  design_1_i/mdm_1/U0/No_Dbg_Reg_Access.BUFG_DRCK/Ext_JTAG_DRCK | design_1_i/mdm_1/U0/Use_E2.BSCAN_I/E[0]                                                                                                                                                                    |                                                                                                                                                |                2 |              6 |
|  design_1_i/zynq_ultra_ps_e_0/inst/pl_clk0                     |                                                                                                                                                                                                            | design_1_i/rst_ps8_0_100M/U0/peripheral_aresetn[0]                                                                                             |                2 |              6 |
|  design_1_i/zynq_ultra_ps_e_0/inst/pl_clk0                     | design_1_i/rst_ps8_0_100M/U0/SEQ/seq_cnt_en                                                                                                                                                                | design_1_i/rst_ps8_0_100M/U0/SEQ/seq_clr                                                                                                       |                1 |              6 |
|  design_1_i/mdm_1/U0/No_Dbg_Reg_Access.BUFG_DRCK/Ext_JTAG_DRCK | design_1_i/mdm_1/U0/Use_E2.BSCAN_I/Use_BSCAN.command_reg[5][0]                                                                                                                                             |                                                                                                                                                |                3 |              6 |
|  design_1_i/mdm_1/U0/No_Dbg_Reg_Access.BUFG_DRCK/Ext_JTAG_DRCK | design_1_i/mdm_1/U0/MDM_Core_I1/JTAG_CONTROL_I/Use_BSCAN.FDC_I/Use_BSCAN.command_reg[5][0]                                                                                                                 |                                                                                                                                                |                3 |              6 |
|  design_1_i/zynq_ultra_ps_e_0/inst/pl_clk0                     | design_1_i/myip_0/inst/myip_v1_0_S00_AXI_inst/slv_reg1[23]_i_1_n_0                                                                                                                                         | design_1_i/rst_ps8_0_100M/U0/peripheral_aresetn[0]                                                                                             |                5 |              8 |
|  design_1_i/zynq_ultra_ps_e_0/inst/pl_clk0                     | design_1_i/myip_0/inst/myip_v1_0_S00_AXI_inst/slv_reg2[7]_i_1_n_0                                                                                                                                          | design_1_i/rst_ps8_0_100M/U0/peripheral_aresetn[0]                                                                                             |                2 |              8 |
|  design_1_i/zynq_ultra_ps_e_0/inst/pl_clk0                     | design_1_i/myip_0/inst/myip_v1_0_S00_AXI_inst/slv_reg3[7]_i_1_n_0                                                                                                                                          | design_1_i/rst_ps8_0_100M/U0/peripheral_aresetn[0]                                                                                             |                3 |              8 |
|  design_1_i/zynq_ultra_ps_e_0/inst/pl_clk0                     | design_1_i/myip_0/inst/myip_v1_0_S00_AXI_inst/slv_reg3[15]_i_1_n_0                                                                                                                                         | design_1_i/rst_ps8_0_100M/U0/peripheral_aresetn[0]                                                                                             |                5 |              8 |
|  design_1_i/zynq_ultra_ps_e_0/inst/pl_clk0                     | design_1_i/myip_0/inst/myip_v1_0_S00_AXI_inst/slv_reg3[23]_i_1_n_0                                                                                                                                         | design_1_i/rst_ps8_0_100M/U0/peripheral_aresetn[0]                                                                                             |                4 |              8 |
|  design_1_i/zynq_ultra_ps_e_0/inst/pl_clk0                     | design_1_i/myip_0/inst/myip_v1_0_S00_AXI_inst/slv_reg3[31]_i_1_n_0                                                                                                                                         | design_1_i/rst_ps8_0_100M/U0/peripheral_aresetn[0]                                                                                             |                7 |              8 |
|  design_1_i/zynq_ultra_ps_e_0/inst/pl_clk0                     | design_1_i/myip_0/inst/myip_v1_0_S00_AXI_inst/slv_reg1[15]_i_1_n_0                                                                                                                                         | design_1_i/rst_ps8_0_100M/U0/peripheral_aresetn[0]                                                                                             |                4 |              8 |
|  design_1_i/zynq_ultra_ps_e_0/inst/pl_clk0                     | design_1_i/myip_0/inst/myip_v1_0_S00_AXI_inst/p_1_in[15]                                                                                                                                                   | design_1_i/rst_ps8_0_100M/U0/peripheral_aresetn[0]                                                                                             |                4 |              8 |
|  design_1_i/zynq_ultra_ps_e_0/inst/pl_clk0                     | design_1_i/myip_0/inst/myip_v1_0_S00_AXI_inst/slv_reg2[31]_i_1_n_0                                                                                                                                         | design_1_i/rst_ps8_0_100M/U0/peripheral_aresetn[0]                                                                                             |                6 |              8 |
|  design_1_i/zynq_ultra_ps_e_0/inst/pl_clk0                     | design_1_i/myip_0/inst/myip_v1_0_S00_AXI_inst/p_1_in[31]                                                                                                                                                   | design_1_i/rst_ps8_0_100M/U0/peripheral_aresetn[0]                                                                                             |                6 |              8 |
|  design_1_i/zynq_ultra_ps_e_0/inst/pl_clk0                     | design_1_i/myip_0/inst/myip_v1_0_S00_AXI_inst/slv_reg2[15]_i_1_n_0                                                                                                                                         | design_1_i/rst_ps8_0_100M/U0/peripheral_aresetn[0]                                                                                             |                4 |              8 |
|  design_1_i/mdm_1/U0/Use_E2.BSCAN_I/Dbg_Update_0               | design_1_i/mdm_1/U0/MDM_Core_I1/JTAG_CONTROL_I/Use_BSCAN.FDC_I/Use_BSCAN.PORT_Selector_reg[2][0]                                                                                                           |                                                                                                                                                |                2 |              8 |
| ~design_1_i/mdm_1/U0/Use_E2.BSCAN_I/Dbg_Update_0               | design_1_i/mdm_1/U0/MDM_Core_I1/JTAG_CONTROL_I/Use_BSCAN.command[0]_i_1_n_0                                                                                                                                |                                                                                                                                                |                3 |              8 |
|  design_1_i/mdm_1/U0/No_Dbg_Reg_Access.BUFG_DRCK/Ext_JTAG_DRCK | design_1_i/microblaze_0/U0/MicroBlaze_Core_I/Performance.Core/Use_Debug_Logic.Master_Core.Debug_Perf/Using_PC_Breakpoints.All_PC_Brks[0].Serial_Interface_1.address_hit_I/Compare[0].SRLC16E_I/which_pc__0 |                                                                                                                                                |                7 |              8 |
|  design_1_i/mdm_1/U0/No_Dbg_Reg_Access.BUFG_DRCK/Ext_JTAG_DRCK | design_1_i/mdm_1/U0/MDM_Core_I1/JTAG_CONTROL_I/tdi_shifter0                                                                                                                                                |                                                                                                                                                |                2 |              8 |
|  design_1_i/zynq_ultra_ps_e_0/inst/pl_clk0                     | design_1_i/myip_0/inst/myip_v1_0_S00_AXI_inst/slv_reg1[7]_i_1_n_0                                                                                                                                          | design_1_i/rst_ps8_0_100M/U0/peripheral_aresetn[0]                                                                                             |                3 |              8 |
|  design_1_i/zynq_ultra_ps_e_0/inst/pl_clk0                     | design_1_i/myip_0/inst/myip_v1_0_S00_AXI_inst/p_1_in[23]                                                                                                                                                   | design_1_i/rst_ps8_0_100M/U0/peripheral_aresetn[0]                                                                                             |                6 |              8 |
|  design_1_i/zynq_ultra_ps_e_0/inst/pl_clk0                     | design_1_i/myip_0/inst/myip_v1_0_S00_AXI_inst/slv_reg1[31]_i_1_n_0                                                                                                                                         | design_1_i/rst_ps8_0_100M/U0/peripheral_aresetn[0]                                                                                             |                6 |              8 |
|  design_1_i/zynq_ultra_ps_e_0/inst/pl_clk0                     | design_1_i/myip_0/inst/myip_v1_0_S00_AXI_inst/slv_reg2[23]_i_1_n_0                                                                                                                                         | design_1_i/rst_ps8_0_100M/U0/peripheral_aresetn[0]                                                                                             |                5 |              8 |
|  design_1_i/mdm_1/U0/No_Dbg_Reg_Access.BUFG_DRCK/Ext_JTAG_DRCK | design_1_i/mdm_1/U0/MDM_Core_I1/JTAG_CONTROL_I/Use_BSCAN.FDC_I/E[0]                                                                                                                                        |                                                                                                                                                |                3 |             10 |
|  design_1_i/zynq_ultra_ps_e_0/inst/pl_clk0                     | design_1_i/myip_0/inst/myip_v1_0_S00_AXI_inst/p_1_in[3]                                                                                                                                                    | design_1_i/rst_ps8_0_100M/U0/peripheral_aresetn[0]                                                                                             |                6 |             12 |
|  design_1_i/zynq_ultra_ps_e_0/inst/pl_clk0                     | design_1_i/microblaze_0/U0/MicroBlaze_Core_I/Performance.Core/Decode_I/PreFetch_Buffer_I1/OF_Valid_DFF/Using_FPGA.Native_1[0]                                                                              | design_1_i/microblaze_0/U0/MicroBlaze_Core_I/sync_reset                                                                                        |               11 |             16 |
|  design_1_i/zynq_ultra_ps_e_0/inst/pl_clk0                     | design_1_i/microblaze_0/U0/MicroBlaze_Core_I/Performance.Core/Decode_I/mem_wait_on_ready_N_carry_or/MUXCY_I/lopt_1                                                                                         | design_1_i/microblaze_0/U0/MicroBlaze_Core_I/sync_reset                                                                                        |               10 |             20 |
|  design_1_i/mdm_1/U0/No_Dbg_Reg_Access.BUFG_DRCK/Ext_JTAG_DRCK |                                                                                                                                                                                                            | design_1_i/mdm_1/U0/Use_E2.BSCAN_I/Use_BSCAN.PORT_Selector_reg[0]_0                                                                            |                3 |             23 |
|  design_1_i/zynq_ultra_ps_e_0/inst/pl_clk0                     | design_1_i/myip_0/inst/myip_v1_0_S00_AXI_inst/slv_reg_rden__0                                                                                                                                              | design_1_i/rst_ps8_0_100M/U0/peripheral_aresetn[0]                                                                                             |               21 |             32 |
|  design_1_i/zynq_ultra_ps_e_0/inst/pl_clk0                     | design_1_i/microblaze_0/U0/MicroBlaze_Core_I/Performance.Core/Decode_I/PreFetch_Buffer_I1/Gen_Mux_Select_LUT6[2].Gen_Sel_DFF/if_fetch_in_progress_reg[0]                                                   | design_1_i/microblaze_0/U0/MicroBlaze_Core_I/sync_reset                                                                                        |                9 |             32 |
|  design_1_i/zynq_ultra_ps_e_0/inst/pl_clk0                     | design_1_i/microblaze_0/U0/MicroBlaze_Core_I/Performance.Core/Use_Debug_Logic.Master_Core.Debug_Perf/data_rd_reg[0]_i_1_n_0                                                                                | design_1_i/microblaze_0/U0/MicroBlaze_Core_I/sync_reset                                                                                        |                8 |             32 |
|  design_1_i/zynq_ultra_ps_e_0/inst/pl_clk0                     | design_1_i/microblaze_0/U0/MicroBlaze_Core_I/Performance.Core/Decode_I/mem_wait_on_ready_N_carry_or/MUXCY_I/lopt_13                                                                                        | design_1_i/microblaze_0/U0/MicroBlaze_Core_I/Performance.Core/Decode_I/R                                                                       |               16 |             32 |
|  design_1_i/zynq_ultra_ps_e_0/inst/pl_clk0                     | design_1_i/microblaze_0/U0/MicroBlaze_Core_I/Performance.Core/Decode_I/mem_wait_on_ready_N_carry_or/MUXCY_I/lopt_1                                                                                         | design_1_i/microblaze_0/U0/MicroBlaze_Core_I/Performance.Core/Decode_I/SR[0]                                                                   |               12 |             32 |
|  design_1_i/zynq_ultra_ps_e_0/inst/pl_clk0                     | design_1_i/microblaze_0/U0/MicroBlaze_Core_I/Performance.Core/Decode_I/mem_wait_on_ready_N_carry_or/MUXCY_I/lopt_1                                                                                         |                                                                                                                                                |                7 |             32 |
|  design_1_i/zynq_ultra_ps_e_0/inst/pl_clk0                     | design_1_i/microblaze_0/U0/MicroBlaze_Core_I/Performance.Core/Decode_I/Use_MuxCy[3].OF_Piperun_Stage/MUXCY_I/wb_exception_kind_i_reg[28][0]                                                                | design_1_i/microblaze_0/U0/MicroBlaze_Core_I/sync_reset                                                                                        |                8 |             32 |
|  design_1_i/mdm_1/U0/No_Dbg_Reg_Access.BUFG_DRCK/Ext_JTAG_DRCK | design_1_i/microblaze_0/U0/MicroBlaze_Core_I/Performance.Core/Use_Debug_Logic.Master_Core.Debug_Perf/New_Dbg_Instr_TCK                                                                                     |                                                                                                                                                |                9 |             32 |
|  design_1_i/zynq_ultra_ps_e_0/inst/pl_clk0                     | design_1_i/myip_0/inst/myip_v1_0_S00_AXI_inst/s00_axi_rvalid                                                                                                                                               | design_1_i/microblaze_0/U0/MicroBlaze_Core_I/sync_reset                                                                                        |                8 |             32 |
|  design_1_i/zynq_ultra_ps_e_0/inst/pl_clk0                     |                                                                                                                                                                                                            | design_1_i/microblaze_0/U0/MicroBlaze_Core_I/Performance.Core/p_1_out                                                                          |                8 |             32 |
|  design_1_i/mdm_1/U0/No_Dbg_Reg_Access.BUFG_DRCK/Ext_JTAG_DRCK | design_1_i/mdm_1/U0/Use_E2.BSCAN_I/Use_BSCAN.PORT_Selector_reg[0]                                                                                                                                          |                                                                                                                                                |               15 |             47 |
|  design_1_i/zynq_ultra_ps_e_0/inst/pl_clk0                     | design_1_i/microblaze_0/U0/MicroBlaze_Core_I/Performance.Core/Decode_I/mem_wait_on_ready_N_carry_or/MUXCY_I/lopt_13                                                                                        | design_1_i/microblaze_0/U0/MicroBlaze_Core_I/sync_reset                                                                                        |               26 |             62 |
|  design_1_i/zynq_ultra_ps_e_0/inst/pl_clk0                     | design_1_i/microblaze_0/U0/MicroBlaze_Core_I/Performance.Core/Decode_I/PreFetch_Buffer_I1/Instruction_Prefetch_Mux[42].Instr_Mux_MUXF7/IReady_0                                                            |                                                                                                                                                |                6 |             75 |
|  design_1_i/zynq_ultra_ps_e_0/inst/pl_clk0                     |                                                                                                                                                                                                            |                                                                                                                                                |               25 |             76 |
|  design_1_i/mdm_1/U0/No_Dbg_Reg_Access.BUFG_DRCK/Ext_JTAG_DRCK |                                                                                                                                                                                                            |                                                                                                                                                |               22 |             78 |
|  design_1_i/zynq_ultra_ps_e_0/inst/pl_clk0                     | design_1_i/microblaze_0/U0/MicroBlaze_Core_I/Performance.Core/Decode_I/Performance_Debug_Control.dbg_state_nohalt_reg[34]                                                                                  |                                                                                                                                                |                8 |            128 |
|  design_1_i/zynq_ultra_ps_e_0/inst/pl_clk0                     |                                                                                                                                                                                                            | design_1_i/microblaze_0/U0/MicroBlaze_Core_I/sync_reset                                                                                        |               54 |            144 |
|  design_1_i/zynq_ultra_ps_e_0/inst/pl_clk0                     | design_1_i/microblaze_0/U0/MicroBlaze_Core_I/Performance.Core/Decode_I/Use_MuxCy[7].OF_Piperun_Stage/MUXCY_I/lopt_10                                                                                       | design_1_i/microblaze_0/U0/MicroBlaze_Core_I/sync_reset                                                                                        |               81 |            218 |
+----------------------------------------------------------------+------------------------------------------------------------------------------------------------------------------------------------------------------------------------------------------------------------+------------------------------------------------------------------------------------------------------------------------------------------------+------------------+----------------+


