Copyright 1986-2018 Xilinx, Inc. All Rights Reserved.
----------------------------------------------------------------------------------------------------------------------------------------------------------------------
| Tool Version     : Vivado v.2018.2 (win64) Build 2258646 Thu Jun 14 20:03:12 MDT 2018
| Date             : Fri Feb  7 00:51:02 2020
| Host             : DESKTOP-EAMGFGQ running 64-bit major release  (build 9200)
| Command          : report_power -file design_1_wrapper_power_routed.rpt -pb design_1_wrapper_power_summary_routed.pb -rpx design_1_wrapper_power_routed.rpx
| Design           : design_1_wrapper
| Device           : xczu3eg-sbva484-1-e
| Design State     : routed
| Grade            : extended
| Process          : typical
| Characterization : Production
----------------------------------------------------------------------------------------------------------------------------------------------------------------------

Power Report

Table of Contents
-----------------
1. Summary
1.1 On-Chip Components
1.2 Power Supply Summary
1.3 Confidence Level
2. Settings
2.1 Environment
2.2 Clock Constraints
3. Detailed Reports
3.1 By Hierarchy

1. Summary
----------

+--------------------------+--------------+
| Total On-Chip Power (W)  | 2.095        |
| Design Power Budget (W)  | Unspecified* |
| Power Budget Margin (W)  | NA           |
| Dynamic (W)              | 1.779        |
| Device Static (W)        | 0.316        |
| Effective TJA (C/W)      | 2.7          |
| Max Ambient (C)          | 94.3         |
| Junction Temperature (C) | 30.7         |
| Confidence Level         | Medium       |
| Setting File             | ---          |
| Simulation Activity File | ---          |
| Design Nets Matched      | NA           |
+--------------------------+--------------+
* Specify Design Power Budget using, set_operating_conditions -design_power_budget <value in Watts>


1.1 On-Chip Components
----------------------

+--------------------------+-----------+----------+-----------+-----------------+
| On-Chip                  | Power (W) | Used     | Available | Utilization (%) |
+--------------------------+-----------+----------+-----------+-----------------+
| Clocks                   |     0.012 |        3 |       --- |             --- |
| CLB Logic                |     0.006 |    10136 |       --- |             --- |
|   LUT as Logic           |     0.005 |     3812 |     70560 |            5.40 |
|   LUT as Shift Register  |    <0.001 |      142 |     28800 |            0.49 |
|   Register               |    <0.001 |     4746 |    141120 |            3.36 |
|   LUT as Distributed RAM |    <0.001 |      120 |     28800 |            0.42 |
|   CARRY8                 |    <0.001 |       27 |      8820 |            0.31 |
|   Others                 |     0.000 |      396 |       --- |             --- |
|   F7/F8 Muxes            |     0.000 |        8 |     70560 |            0.01 |
| Signals                  |     0.006 |     7873 |       --- |             --- |
| Block RAM                |     0.002 |        2 |       216 |            0.93 |
| PS8                      |     1.753 |        1 |       --- |             --- |
| Static Power             |     0.316 |          |           |                 |
|   PS Static              |     0.100 |          |           |                 |
|   PL Static              |     0.215 |          |           |                 |
| Total                    |     2.095 |          |           |                 |
+--------------------------+-----------+----------+-----------+-----------------+


1.2 Power Supply Summary
------------------------

+-----------------+-------------+-----------+-------------+------------+
| Source          | Voltage (V) | Total (A) | Dynamic (A) | Static (A) |
+-----------------+-------------+-----------+-------------+------------+
| Vccint          |       0.850 |     0.084 |       0.030 |      0.054 |
| Vccint_io       |       0.850 |     0.027 |       0.000 |      0.027 |
| Vccbram         |       0.850 |     0.001 |       0.000 |      0.001 |
| Vccaux          |       1.800 |     0.048 |       0.000 |      0.048 |
| Vccaux_io       |       1.800 |     0.025 |       0.000 |      0.025 |
| Vcco33          |       3.300 |     0.000 |       0.000 |      0.000 |
| Vcco25          |       2.500 |     0.000 |       0.000 |      0.000 |
| Vcco18          |       1.800 |     0.000 |       0.000 |      0.000 |
| Vcco15          |       1.500 |     0.000 |       0.000 |      0.000 |
| Vcco135         |       1.350 |     0.000 |       0.000 |      0.000 |
| Vcco12          |       1.200 |     0.000 |       0.000 |      0.000 |
| Vcco10          |       1.000 |     0.000 |       0.000 |      0.000 |
| Vccadc          |       1.800 |     0.008 |       0.000 |      0.008 |
| VCC_PSINTFP     |       0.850 |     0.971 |       0.935 |      0.037 |
| VCC_PSINTLP     |       0.850 |     0.316 |       0.309 |      0.007 |
| VPS_MGTRAVCC    |       0.850 |     0.135 |       0.134 |      0.001 |
| VCC_PSINTFP_DDR |       0.850 |     0.195 |       0.190 |      0.005 |
| VCC_PSPLL       |       1.200 |     0.070 |       0.068 |      0.002 |
| VPS_MGTRAVTT    |       1.800 |     0.034 |       0.033 |      0.001 |
| VCCO_PSDDR_504  |       1.200 |     0.249 |       0.215 |      0.034 |
| VCC_PSAUX       |       1.800 |     0.002 |       0.000 |      0.002 |
| VCC_PSBATT      |       1.200 |     0.000 |       0.000 |      0.000 |
| VCC_PSDDR_PLL   |       1.800 |     0.012 |       0.011 |      0.001 |
| VCCO_PSIO0_500  |       1.800 |     0.001 |       0.001 |      0.001 |
| VCCO_PSIO1_501  |       1.800 |     0.001 |       0.000 |      0.001 |
| VCCO_PSIO2_502  |       1.800 |     0.001 |       0.000 |      0.001 |
| VCCO_PSIO3_503  |       1.800 |     0.001 |       0.000 |      0.001 |
| VCC_PSADC       |       1.800 |     0.002 |       0.000 |      0.002 |
+-----------------+-------------+-----------+-------------+------------+


1.3 Confidence Level
--------------------

+-----------------------------+------------+------------------------------------------------+------------------------------------------------------------------------------------------------------------+
| User Input Data             | Confidence | Details                                        | Action                                                                                                     |
+-----------------------------+------------+------------------------------------------------+------------------------------------------------------------------------------------------------------------+
| Design implementation state | High       | Design is routed                               |                                                                                                            |
| Clock nodes activity        | High       | User specified more than 95% of clocks         |                                                                                                            |
| I/O nodes activity          | High       | User specified more than 95% of inputs         |                                                                                                            |
| Internal nodes activity     | Medium     | User specified less than 25% of internal nodes | Provide missing internal nodes activity with simulation results or by editing the "By Resource Type" views |
| Device models               | High       | Device models are Production                   |                                                                                                            |
|                             |            |                                                |                                                                                                            |
| Overall confidence level    | Medium     |                                                |                                                                                                            |
+-----------------------------+------------+------------------------------------------------+------------------------------------------------------------------------------------------------------------+


2. Settings
-----------

2.1 Environment
---------------

+-----------------------+--------------------------+
| Ambient Temp (C)      | 25.0                     |
| ThetaJA (C/W)         | 2.7                      |
| Airflow (LFM)         | 250                      |
| Heat Sink             | medium (Medium Profile)  |
| ThetaSA (C/W)         | 8.8                      |
| Board Selection       | medium (10"x10")         |
| # of Board Layers     | 12to15 (12 to 15 Layers) |
| Board Temperature (C) | 25.0                     |
+-----------------------+--------------------------+


2.2 Clock Constraints
---------------------

+----------+--------------------------------------------------------+-----------------+
| Clock    | Domain                                                 | Constraint (ns) |
+----------+--------------------------------------------------------+-----------------+
| clk_pl_0 | design_1_i/zynq_ultra_ps_e_0/inst/pl_clk_unbuffered[0] |            10.0 |
+----------+--------------------------------------------------------+-----------------+


3. Detailed Reports
-------------------

3.1 By Hierarchy
----------------

+-----------------------------------------------------------------------------------+-----------+
| Name                                                                              | Power (W) |
+-----------------------------------------------------------------------------------+-----------+
| design_1_wrapper                                                                  |     1.779 |
|   design_1_i                                                                      |     1.779 |
|     axi_dma_0                                                                     |     0.008 |
|       U0                                                                          |     0.008 |
|         GEN_SG_ENGINE.I_SG_ENGINE                                                 |    <0.001 |
|           GEN_DESC_UPDATE.I_SG_UPDATE_MNGR                                        |    <0.001 |
|             I_UPDT_CMDSTS_IF                                                      |    <0.001 |
|             I_UPDT_SG                                                             |    <0.001 |
|           GEN_DESC_UPDATE.I_SG_UPDATE_QUEUE                                       |    <0.001 |
|             GEN_QUEUE.I_UPDT_DESC_QUEUE                                           |    <0.001 |
|               GEN_Q_FOR_SYNC.S2MM_CHANNEL.APP_UPDATE.I_UPDT2_STS_FIFO             |    <0.001 |
|                 I_SRL_FIFO_RBU_F                                                  |    <0.001 |
|                   CNTR_INCR_DECR_ADDN_F_I                                         |    <0.001 |
|                   DYNSHREG_F_I                                                    |    <0.001 |
|           GEN_INTERRUPT_LOGIC.I_AXI_SG_INTRPT                                     |    <0.001 |
|           I_SG_AXI_DATAMOVER                                                      |    <0.001 |
|             GEN_MM2S_BASIC.I_MM2S_BASIC_WRAPPER                                   |    <0.001 |
|               I_RESET                                                             |    <0.001 |
|             GEN_S2MM_BASIC.I_S2MM_BASIC_WRAPPER                                   |    <0.001 |
|               I_ADDR_CNTL                                                         |    <0.001 |
|               I_CMD_STATUS                                                        |    <0.001 |
|                 GEN_INCLUDE_STATUS_FIFO.I_STS_FIFO                                |    <0.001 |
|                 I_CMD_FIFO                                                        |    <0.001 |
|               I_MSTR_SCC                                                          |    <0.001 |
|               I_WR_DATA_CNTL                                                      |    <0.001 |
|               I_WR_STATUS_CNTLR                                                   |    <0.001 |
|                 GEN_OMIT_INDET_BTT.I_DATA_CNTL_STATUS_FIFO                        |    <0.001 |
|                   USE_SRL_FIFO.I_SYNC_FIFO                                        |    <0.001 |
|                     I_SRL_FIFO_RBU_F                                              |    <0.001 |
|                       CNTR_INCR_DECR_ADDN_F_I                                     |    <0.001 |
|                       DYNSHREG_F_I                                                |    <0.001 |
|                 I_WRESP_STATUS_FIFO                                               |    <0.001 |
|                   USE_SRL_FIFO.I_SYNC_FIFO                                        |    <0.001 |
|                     I_SRL_FIFO_RBU_F                                              |    <0.001 |
|                       CNTR_INCR_DECR_ADDN_F_I                                     |    <0.001 |
|                       DYNSHREG_F_I                                                |     0.000 |
|           I_SG_FETCH_MNGR                                                         |    <0.001 |
|             I_FTCH_CMDSTS_IF                                                      |    <0.001 |
|             I_FTCH_PNTR_MNGR                                                      |    <0.001 |
|             I_FTCH_SG                                                             |    <0.001 |
|           I_SG_FETCH_QUEUE                                                        |    <0.001 |
|             GEN_QUEUE.FTCH_QUEUE_I                                                |    <0.001 |
|         INCLUDE_MM2S_SOF_EOF_GENERATOR.I_MM2S_DMA_MNGR                            |    <0.001 |
|           GEN_MM2S_DMA_CONTROL.GEN_SCATTER_GATHER_MODE.I_MM2S_SG_IF               |    <0.001 |
|             GEN_UPDT_FOR_QUEUE.GEN_NO_MICRO_DMA.XFERRED_BYTE_FIFO                 |    <0.001 |
|               I_SRL_FIFO_RBU_F                                                    |    <0.001 |
|                 CNTR_INCR_DECR_ADDN_F_I                                           |    <0.001 |
|           GEN_MM2S_DMA_CONTROL.GEN_SCATTER_GATHER_MODE.I_MM2S_SM                  |    <0.001 |
|           GEN_MM2S_DMA_CONTROL.I_MM2S_CMDSTS                                      |    <0.001 |
|           GEN_MM2S_DMA_CONTROL.I_MM2S_STS_MNGR                                    |    <0.001 |
|         INCLUDE_MM2S_SOF_EOF_GENERATOR.I_MM2S_SOFEOF_GEN                          |    <0.001 |
|         INCLUDE_S2MM_SOF_EOF_GENERATOR.I_S2MM_DMA_MNGR                            |    <0.001 |
|           GEN_S2MM_DMA_CONTROL.GEN_SCATTER_GATHER_MODE.I_S2MM_SG_IF               |    <0.001 |
|           GEN_S2MM_DMA_CONTROL.GEN_SCATTER_GATHER_MODE.I_S2MM_SM                  |    <0.001 |
|           GEN_S2MM_DMA_CONTROL.GEN_STS_STREAM.I_S2MM_STS_STREAM                   |    <0.001 |
|             GEN_SYNC_FIFO.I_UPDT_STS_FIFO                                         |    <0.001 |
|               I_SRL_FIFO_RBU_F                                                    |    <0.001 |
|                 CNTR_INCR_DECR_ADDN_F_I                                           |    <0.001 |
|           GEN_S2MM_DMA_CONTROL.I_S2MM_CMDSTS                                      |    <0.001 |
|           GEN_S2MM_DMA_CONTROL.I_S2MM_STS_MNGR                                    |    <0.001 |
|         INCLUDE_S2MM_SOF_EOF_GENERATOR.I_S2MM_SOFEOF_GEN                          |    <0.001 |
|         I_AXI_DMA_REG_MODULE                                                      |     0.002 |
|           GEN_AXI_LITE_IF.AXI_LITE_IF_I                                           |     0.001 |
|             GEN_ASYNC_READ.REG_ARVALID_TO_IPCLK                                   |    <0.001 |
|             GEN_ASYNC_READ.REG_DATA2LITE_CLOCK                                    |    <0.001 |
|             GEN_ASYNC_READ.REG_RADDR_TO_IPCLK                                     |    <0.001 |
|             GEN_ASYNC_WRITE.AWVLD_CDC_TO                                          |    <0.001 |
|             GEN_ASYNC_WRITE.REG2_WREADY                                           |    <0.001 |
|             GEN_ASYNC_WRITE.REG3_WREADY                                           |    <0.001 |
|             GEN_ASYNC_WRITE.REG_WADDR_TO_IPCLK                                    |    <0.001 |
|             GEN_ASYNC_WRITE.REG_WADDR_TO_IPCLK1                                   |    <0.001 |
|             GEN_ASYNC_WRITE.WVLD_CDC_TO                                           |    <0.001 |
|           GEN_MM2S_REGISTERS.I_MM2S_DMA_REGISTER                                  |    <0.001 |
|           GEN_S2MM_REGISTERS.I_S2MM_DMA_REGISTER                                  |    <0.001 |
|         I_PRMRY_DATAMOVER                                                         |     0.005 |
|           GEN_MM2S_FULL.I_MM2S_FULL_WRAPPER                                       |     0.002 |
|             ENABLE_AXIS_SKID.I_MM2S_SKID_BUF                                      |    <0.001 |
|             GEN_INCLUDE_MM2S_SF.I_RD_SF                                           |    <0.001 |
|               I_DATA_FIFO                                                         |    <0.001 |
|                 BLK_MEM.I_SYNC_FIFOGEN_FIFO                                       |    <0.001 |
|                   xpm_fifo_instance.xpm_fifo_sync_inst                            |    <0.001 |
|                     xpm_fifo_base_inst                                            |    <0.001 |
|                       gen_fwft.rdpp1_inst                                         |    <0.001 |
|                       gen_sdpram.xpm_memory_base_inst                             |    <0.001 |
|                       rdp_inst                                                    |    <0.001 |
|                       rdpp1_inst                                                  |    <0.001 |
|                       rst_d1_inst                                                 |    <0.001 |
|                       wrp_inst                                                    |    <0.001 |
|                       wrpp1_inst                                                  |    <0.001 |
|                       xpm_fifo_rst_inst                                           |    <0.001 |
|               OMIT_DRE_CNTL.I_DRE_CNTL_FIFO                                       |    <0.001 |
|                 USE_SRL_FIFO.I_SYNC_FIFO                                          |    <0.001 |
|                   I_SRL_FIFO_RBU_F                                                |    <0.001 |
|                     CNTR_INCR_DECR_ADDN_F_I                                       |    <0.001 |
|             I_ADDR_CNTL                                                           |    <0.001 |
|               GEN_ADDR_FIFO.I_ADDR_QUAL_FIFO                                      |    <0.001 |
|                 USE_SRL_FIFO.I_SYNC_FIFO                                          |    <0.001 |
|                   I_SRL_FIFO_RBU_F                                                |    <0.001 |
|                     CNTR_INCR_DECR_ADDN_F_I                                       |    <0.001 |
|                     DYNSHREG_F_I                                                  |    <0.001 |
|             I_CMD_STATUS                                                          |    <0.001 |
|               GEN_INCLUDE_STATUS_FIFO.I_STS_FIFO                                  |    <0.001 |
|               I_CMD_FIFO                                                          |    <0.001 |
|             I_MSTR_PCC                                                            |    <0.001 |
|               I_STRT_STRB_GEN                                                     |    <0.001 |
|             I_RD_DATA_CNTL                                                        |    <0.001 |
|               GEN_DATA_CNTL_FIFO.I_DATA_CNTL_FIFO                                 |    <0.001 |
|                 USE_SRL_FIFO.I_SYNC_FIFO                                          |    <0.001 |
|                   I_SRL_FIFO_RBU_F                                                |    <0.001 |
|                     CNTR_INCR_DECR_ADDN_F_I                                       |    <0.001 |
|                     DYNSHREG_F_I                                                  |    <0.001 |
|             I_RD_STATUS_CNTLR                                                     |    <0.001 |
|             I_RESET                                                               |    <0.001 |
|           GEN_S2MM_FULL.I_S2MM_FULL_WRAPPER                                       |     0.003 |
|             ENABLE_AXIS_SKID.I_S2MM_STRM_SKID_BUF                                 |    <0.001 |
|             GEN_ENABLE_INDET_BTT_SF.I_INDET_BTT                                   |     0.001 |
|               ENABLE_AXIS_SKID.I_INDET_BTT_SKID_BUF                               |    <0.001 |
|               I_DATA_FIFO                                                         |     0.001 |
|                 BLK_MEM.I_SYNC_FIFOGEN_FIFO                                       |     0.001 |
|                   xpm_fifo_instance.xpm_fifo_sync_inst                            |     0.001 |
|                     xpm_fifo_base_inst                                            |     0.001 |
|                       gen_sdpram.xpm_memory_base_inst                             |    <0.001 |
|                       rdp_inst                                                    |    <0.001 |
|                       rdpp1_inst                                                  |    <0.001 |
|                       rst_d1_inst                                                 |    <0.001 |
|                       wrp_inst                                                    |    <0.001 |
|                       wrpp1_inst                                                  |    <0.001 |
|                       xpm_fifo_rst_inst                                           |    <0.001 |
|               I_XD_FIFO                                                           |    <0.001 |
|                 NON_BLK_MEM.I_SYNC_FIFOGEN_FIFO                                   |    <0.001 |
|                   xpm_fifo_instance.xpm_fifo_sync_inst                            |    <0.001 |
|                     xpm_fifo_base_inst                                            |    <0.001 |
|                       gen_fwft.rdpp1_inst                                         |    <0.001 |
|                       gen_sdpram.xpm_memory_base_inst                             |    <0.001 |
|                         gen_wr_a.gen_word_narrow.mem_reg_0_15_0_5                 |    <0.001 |
|                       rdp_inst                                                    |    <0.001 |
|                       rdpp1_inst                                                  |    <0.001 |
|                       rst_d1_inst                                                 |    <0.001 |
|                       wrp_inst                                                    |    <0.001 |
|                       wrpp1_inst                                                  |    <0.001 |
|                       xpm_fifo_rst_inst                                           |    <0.001 |
|             GEN_INCLUDE_IBTTCC.I_S2MM_MSTR_IBTTCC                                 |    <0.001 |
|             GEN_INCLUDE_REALIGNER.I_S2MM_REALIGNER                                |    <0.001 |
|               GEN_INCLUDE_SCATTER.I_S2MM_SCATTER                                  |    <0.001 |
|                 I_MSSAI_SKID_BUF                                                  |    <0.001 |
|                 I_TSTRB_FIFO                                                      |    <0.001 |
|                   USE_SRL_FIFO.I_SYNC_FIFO                                        |    <0.001 |
|                     I_SRL_FIFO_RBU_F                                              |    <0.001 |
|                       CNTR_INCR_DECR_ADDN_F_I                                     |    <0.001 |
|                       DYNSHREG_F_I                                                |    <0.001 |
|                 SLICE_INSERTION                                                   |    <0.001 |
|               I_DRE_CNTL_FIFO                                                     |    <0.001 |
|                 USE_SRL_FIFO.I_SYNC_FIFO                                          |    <0.001 |
|                   I_SRL_FIFO_RBU_F                                                |    <0.001 |
|                     CNTR_INCR_DECR_ADDN_F_I                                       |    <0.001 |
|                     DYNSHREG_F_I                                                  |    <0.001 |
|             I_ADDR_CNTL                                                           |    <0.001 |
|               GEN_ADDR_FIFO.I_ADDR_QUAL_FIFO                                      |    <0.001 |
|                 USE_SRL_FIFO.I_SYNC_FIFO                                          |    <0.001 |
|                   I_SRL_FIFO_RBU_F                                                |    <0.001 |
|                     CNTR_INCR_DECR_ADDN_F_I                                       |    <0.001 |
|                     DYNSHREG_F_I                                                  |    <0.001 |
|             I_CMD_STATUS                                                          |    <0.001 |
|               GEN_INCLUDE_STATUS_FIFO.I_STS_FIFO                                  |    <0.001 |
|               I_CMD_FIFO                                                          |    <0.001 |
|             I_RESET                                                               |    <0.001 |
|             I_S2MM_MMAP_SKID_BUF                                                  |    <0.001 |
|             I_WR_DATA_CNTL                                                        |    <0.001 |
|               GEN_DATA_CNTL_FIFO.I_DATA_CNTL_FIFO                                 |    <0.001 |
|                 USE_SRL_FIFO.I_SYNC_FIFO                                          |    <0.001 |
|                   I_SRL_FIFO_RBU_F                                                |    <0.001 |
|                     CNTR_INCR_DECR_ADDN_F_I                                       |    <0.001 |
|                     DYNSHREG_F_I                                                  |    <0.001 |
|             I_WR_STATUS_CNTLR                                                     |    <0.001 |
|               GEN_ENABLE_INDET_BTT.I_SF_DATA_CNTL_STATUS_FIFO                     |    <0.001 |
|                 USE_SRL_FIFO.I_SYNC_FIFO                                          |    <0.001 |
|                   I_SRL_FIFO_RBU_F                                                |    <0.001 |
|                     CNTR_INCR_DECR_ADDN_F_I                                       |    <0.001 |
|                     DYNSHREG_F_I                                                  |    <0.001 |
|               I_WRESP_STATUS_FIFO                                                 |    <0.001 |
|                 USE_SRL_FIFO.I_SYNC_FIFO                                          |    <0.001 |
|                   I_SRL_FIFO_RBU_F                                                |    <0.001 |
|                     CNTR_INCR_DECR_ADDN_F_I                                       |    <0.001 |
|                     DYNSHREG_F_I                                                  |    <0.001 |
|         I_RST_MODULE                                                              |    <0.001 |
|           GEN_RESET_FOR_MM2S.RESET_I                                              |    <0.001 |
|             GEN_ASYNC_RESET.GEN_PRMRY_GRTR_EQL_SCNDRY.HALT_PROCESS                |    <0.001 |
|             GEN_ASYNC_RESET.REG_HALT_CMPLT_IN                                     |    <0.001 |
|             GEN_ASYNC_RESET.REG_RESET_OUT                                         |    <0.001 |
|           GEN_RESET_FOR_S2MM.RESET_I                                              |    <0.001 |
|             GEN_ASYNC_RESET.GEN_PRMRY_GRTR_EQL_SCNDRY.HALT_PROCESS                |    <0.001 |
|             GEN_ASYNC_RESET.REG_HALT_CMPLT_IN                                     |    <0.001 |
|             GEN_ASYNC_RESET.REG_RESET_OUT                                         |    <0.001 |
|           REG_HRD_RST                                                             |    <0.001 |
|           REG_HRD_RST_OUT                                                         |    <0.001 |
|     ps8_0_axi_periph                                                              |     0.016 |
|       s00_couplers                                                                |     0.008 |
|         auto_ds                                                                   |     0.004 |
|           inst                                                                    |     0.004 |
|             gen_downsizer.gen_simple_downsizer.axi_downsizer_inst                 |     0.004 |
|               USE_READ.read_addr_inst                                             |     0.002 |
|                 cmd_queue                                                         |     0.001 |
|                   inst                                                            |     0.001 |
|                     fifo_gen_inst                                                 |    <0.001 |
|                       inst_fifo_gen                                               |    <0.001 |
|                         gconvfifo.rf                                              |    <0.001 |
|                           grf.rf                                                  |    <0.001 |
|                             gntv_or_sync_fifo.gl0.rd                              |    <0.001 |
|                               gr1.gr1_int.rfwft                                   |    <0.001 |
|                               grss.rsts                                           |    <0.001 |
|                               rpntr                                               |    <0.001 |
|                             gntv_or_sync_fifo.gl0.wr                              |    <0.001 |
|                               gwss.wsts                                           |    <0.001 |
|                               wpntr                                               |    <0.001 |
|                             gntv_or_sync_fifo.mem                                 |    <0.001 |
|                               gdm.dm_gen.dm                                       |    <0.001 |
|                                 RAM_reg_0_31_0_5                                  |    <0.001 |
|                                 RAM_reg_0_31_12_17                                |    <0.001 |
|                                 RAM_reg_0_31_6_11                                 |    <0.001 |
|                             rstblk                                                |    <0.001 |
|                               ngwrdrst.grst.g7serrst.gnsckt_wrst.rst_wr_reg2_inst |    <0.001 |
|               USE_READ.read_data_inst                                             |    <0.001 |
|               USE_WRITE.USE_SPLIT.write_resp_inst                                 |    <0.001 |
|               USE_WRITE.write_addr_inst                                           |     0.002 |
|                 USE_B_CHANNEL.cmd_b_queue                                         |    <0.001 |
|                   inst                                                            |    <0.001 |
|                     fifo_gen_inst                                                 |    <0.001 |
|                       inst_fifo_gen                                               |    <0.001 |
|                         gconvfifo.rf                                              |    <0.001 |
|                           grf.rf                                                  |    <0.001 |
|                             gntv_or_sync_fifo.gl0.rd                              |    <0.001 |
|                               gr1.gr1_int.rfwft                                   |    <0.001 |
|                               grss.rsts                                           |    <0.001 |
|                               rpntr                                               |    <0.001 |
|                             gntv_or_sync_fifo.gl0.wr                              |    <0.001 |
|                               gwss.wsts                                           |    <0.001 |
|                               wpntr                                               |    <0.001 |
|                             gntv_or_sync_fifo.mem                                 |    <0.001 |
|                               gdm.dm_gen.dm                                       |    <0.001 |
|                                 RAM_reg_0_31_0_5                                  |    <0.001 |
|                             rstblk                                                |    <0.001 |
|                               ngwrdrst.grst.g7serrst.gnsckt_wrst.rst_wr_reg2_inst |    <0.001 |
|                 cmd_queue                                                         |    <0.001 |
|                   inst                                                            |    <0.001 |
|                     fifo_gen_inst                                                 |    <0.001 |
|                       inst_fifo_gen                                               |    <0.001 |
|                         gconvfifo.rf                                              |    <0.001 |
|                           grf.rf                                                  |    <0.001 |
|                             gntv_or_sync_fifo.gl0.rd                              |    <0.001 |
|                               gr1.gr1_int.rfwft                                   |    <0.001 |
|                               grss.rsts                                           |    <0.001 |
|                               rpntr                                               |    <0.001 |
|                             gntv_or_sync_fifo.gl0.wr                              |    <0.001 |
|                               gwss.wsts                                           |    <0.001 |
|                               wpntr                                               |    <0.001 |
|                             gntv_or_sync_fifo.mem                                 |    <0.001 |
|                               gdm.dm_gen.dm                                       |    <0.001 |
|                                 RAM_reg_0_31_0_5                                  |    <0.001 |
|                                 RAM_reg_0_31_12_17                                |    <0.001 |
|                                 RAM_reg_0_31_6_11                                 |    <0.001 |
|                             rstblk                                                |    <0.001 |
|                               ngwrdrst.grst.g7serrst.gnsckt_wrst.rst_wr_reg2_inst |    <0.001 |
|               USE_WRITE.write_data_inst                                           |    <0.001 |
|         auto_pc                                                                   |     0.003 |
|           inst                                                                    |     0.003 |
|             gen_axilite.gen_b2s_conv.axilite_b2s                                  |     0.003 |
|               RD.ar_channel_0                                                     |    <0.001 |
|                 ar_cmd_fsm_0                                                      |    <0.001 |
|                 cmd_translator_0                                                  |    <0.001 |
|                   incr_cmd_0                                                      |    <0.001 |
|                   wrap_cmd_0                                                      |    <0.001 |
|               RD.r_channel_0                                                      |    <0.001 |
|                 rd_data_fifo_0                                                    |    <0.001 |
|                 transaction_fifo_0                                                |    <0.001 |
|               SI_REG                                                              |     0.001 |
|                 ar.ar_pipe                                                        |    <0.001 |
|                 aw.aw_pipe                                                        |    <0.001 |
|                 b.b_pipe                                                          |    <0.001 |
|                 r.r_pipe                                                          |    <0.001 |
|               WR.aw_channel_0                                                     |    <0.001 |
|                 aw_cmd_fsm_0                                                      |    <0.001 |
|                 cmd_translator_0                                                  |    <0.001 |
|                   incr_cmd_0                                                      |    <0.001 |
|                   wrap_cmd_0                                                      |    <0.001 |
|               WR.b_channel_0                                                      |    <0.001 |
|                 bid_fifo_0                                                        |    <0.001 |
|                 bresp_fifo_0                                                      |    <0.001 |
|       s01_couplers                                                                |     0.007 |
|         auto_ds                                                                   |     0.004 |
|           inst                                                                    |     0.004 |
|             gen_downsizer.gen_simple_downsizer.axi_downsizer_inst                 |     0.004 |
|               USE_READ.read_addr_inst                                             |     0.002 |
|                 cmd_queue                                                         |     0.001 |
|                   inst                                                            |     0.001 |
|                     fifo_gen_inst                                                 |    <0.001 |
|                       inst_fifo_gen                                               |    <0.001 |
|                         gconvfifo.rf                                              |    <0.001 |
|                           grf.rf                                                  |    <0.001 |
|                             gntv_or_sync_fifo.gl0.rd                              |    <0.001 |
|                               gr1.gr1_int.rfwft                                   |    <0.001 |
|                               grss.rsts                                           |    <0.001 |
|                               rpntr                                               |    <0.001 |
|                             gntv_or_sync_fifo.gl0.wr                              |    <0.001 |
|                               gwss.wsts                                           |    <0.001 |
|                               wpntr                                               |    <0.001 |
|                             gntv_or_sync_fifo.mem                                 |    <0.001 |
|                               gdm.dm_gen.dm                                       |    <0.001 |
|                                 RAM_reg_0_31_0_5                                  |    <0.001 |
|                                 RAM_reg_0_31_12_17                                |    <0.001 |
|                                 RAM_reg_0_31_6_11                                 |    <0.001 |
|                             rstblk                                                |    <0.001 |
|                               ngwrdrst.grst.g7serrst.gnsckt_wrst.rst_wr_reg2_inst |    <0.001 |
|               USE_READ.read_data_inst                                             |    <0.001 |
|               USE_WRITE.USE_SPLIT.write_resp_inst                                 |    <0.001 |
|               USE_WRITE.write_addr_inst                                           |     0.002 |
|                 USE_B_CHANNEL.cmd_b_queue                                         |    <0.001 |
|                   inst                                                            |    <0.001 |
|                     fifo_gen_inst                                                 |    <0.001 |
|                       inst_fifo_gen                                               |    <0.001 |
|                         gconvfifo.rf                                              |    <0.001 |
|                           grf.rf                                                  |    <0.001 |
|                             gntv_or_sync_fifo.gl0.rd                              |    <0.001 |
|                               gr1.gr1_int.rfwft                                   |    <0.001 |
|                               grss.rsts                                           |    <0.001 |
|                               rpntr                                               |    <0.001 |
|                             gntv_or_sync_fifo.gl0.wr                              |    <0.001 |
|                               gwss.wsts                                           |    <0.001 |
|                               wpntr                                               |    <0.001 |
|                             gntv_or_sync_fifo.mem                                 |    <0.001 |
|                               gdm.dm_gen.dm                                       |    <0.001 |
|                                 RAM_reg_0_31_0_5                                  |    <0.001 |
|                             rstblk                                                |    <0.001 |
|                               ngwrdrst.grst.g7serrst.gnsckt_wrst.rst_wr_reg2_inst |    <0.001 |
|                 cmd_queue                                                         |    <0.001 |
|                   inst                                                            |    <0.001 |
|                     fifo_gen_inst                                                 |    <0.001 |
|                       inst_fifo_gen                                               |    <0.001 |
|                         gconvfifo.rf                                              |    <0.001 |
|                           grf.rf                                                  |    <0.001 |
|                             gntv_or_sync_fifo.gl0.rd                              |    <0.001 |
|                               gr1.gr1_int.rfwft                                   |    <0.001 |
|                               grss.rsts                                           |    <0.001 |
|                               rpntr                                               |    <0.001 |
|                             gntv_or_sync_fifo.gl0.wr                              |    <0.001 |
|                               gwss.wsts                                           |    <0.001 |
|                               wpntr                                               |    <0.001 |
|                             gntv_or_sync_fifo.mem                                 |    <0.001 |
|                               gdm.dm_gen.dm                                       |    <0.001 |
|                                 RAM_reg_0_31_0_5                                  |    <0.001 |
|                                 RAM_reg_0_31_12_17                                |    <0.001 |
|                                 RAM_reg_0_31_6_11                                 |    <0.001 |
|                             rstblk                                                |    <0.001 |
|                               ngwrdrst.grst.g7serrst.gnsckt_wrst.rst_wr_reg2_inst |    <0.001 |
|               USE_WRITE.write_data_inst                                           |    <0.001 |
|         auto_pc                                                                   |     0.003 |
|           inst                                                                    |     0.003 |
|             gen_axilite.gen_b2s_conv.axilite_b2s                                  |     0.003 |
|               RD.ar_channel_0                                                     |    <0.001 |
|                 ar_cmd_fsm_0                                                      |    <0.001 |
|                 cmd_translator_0                                                  |    <0.001 |
|                   incr_cmd_0                                                      |    <0.001 |
|                   wrap_cmd_0                                                      |    <0.001 |
|               RD.r_channel_0                                                      |    <0.001 |
|                 rd_data_fifo_0                                                    |    <0.001 |
|                 transaction_fifo_0                                                |    <0.001 |
|               SI_REG                                                              |     0.001 |
|                 ar.ar_pipe                                                        |    <0.001 |
|                 aw.aw_pipe                                                        |    <0.001 |
|                 b.b_pipe                                                          |    <0.001 |
|                 r.r_pipe                                                          |    <0.001 |
|               WR.aw_channel_0                                                     |    <0.001 |
|                 aw_cmd_fsm_0                                                      |    <0.001 |
|                 cmd_translator_0                                                  |    <0.001 |
|                   incr_cmd_0                                                      |    <0.001 |
|                   wrap_cmd_0                                                      |    <0.001 |
|               WR.b_channel_0                                                      |    <0.001 |
|                 bid_fifo_0                                                        |    <0.001 |
|                 bresp_fifo_0                                                      |    <0.001 |
|       xbar                                                                        |     0.001 |
|         inst                                                                      |     0.001 |
|           gen_sasd.crossbar_sasd_0                                                |     0.001 |
|             addr_arbiter_inst                                                     |    <0.001 |
|             gen_decerr.decerr_slave_inst                                          |    <0.001 |
|             reg_slice_r                                                           |    <0.001 |
|             splitter_ar                                                           |    <0.001 |
|             splitter_aw                                                           |    <0.001 |
|     rst_ps8_0_99M                                                                 |    <0.001 |
|       U0                                                                          |    <0.001 |
|         EXT_LPF                                                                   |    <0.001 |
|           ACTIVE_LOW_AUX.ACT_LO_AUX                                               |    <0.001 |
|           ACTIVE_LOW_EXT.ACT_LO_EXT                                               |    <0.001 |
|         SEQ                                                                       |    <0.001 |
|           SEQ_COUNTER                                                             |    <0.001 |
|     zynq_ultra_ps_e_0                                                             |     1.755 |
|       inst                                                                        |     1.755 |
+-----------------------------------------------------------------------------------+-----------+


