Copyright 1986-2018 Xilinx, Inc. All Rights Reserved.
-----------------------------------------------------------------------------------------------------------------------------
| Tool Version : Vivado v.2018.3 (lin64) Build 2405991 Thu Dec  6 23:36:41 MST 2018
| Date         : Wed Apr 29 01:24:25 2020
| Host         : y-Blade-Stealth running 64-bit Ubuntu 16.04.6 LTS
| Command      : report_utilization -file design_1_wrapper_utilization_placed.rpt -pb design_1_wrapper_utilization_placed.pb
| Design       : design_1_wrapper
| Device       : xczu3egsbva484-1
| Design State : Fully Placed
-----------------------------------------------------------------------------------------------------------------------------

Utilization Design Information

Table of Contents
-----------------
1. CLB Logic
1.1 Summary of Registers by Type
2. CLB Logic Distribution
3. BLOCKRAM
4. ARITHMETIC
5. I/O
6. CLOCK
7. ADVANCED
8. CONFIGURATION
9. Primitives
10. Black Boxes
11. Instantiated Netlists

1. CLB Logic
------------

+----------------------------+------+-------+-----------+-------+
|          Site Type         | Used | Fixed | Available | Util% |
+----------------------------+------+-------+-----------+-------+
| CLB LUTs                   | 1441 |     0 |     70560 |  2.04 |
|   LUT as Logic             | 1293 |     0 |     70560 |  1.83 |
|   LUT as Memory            |  148 |     0 |     28800 |  0.51 |
|     LUT as Distributed RAM |   64 |     0 |           |       |
|     LUT as Shift Register  |   84 |     0 |           |       |
| CLB Registers              | 1326 |     0 |    141120 |  0.94 |
|   Register as Flip Flop    | 1325 |     0 |    141120 |  0.94 |
|   Register as Latch        |    0 |     0 |    141120 |  0.00 |
|   Register as AND/OR       |    1 |     0 |    141120 | <0.01 |
| CARRY8                     |   21 |     0 |      8820 |  0.24 |
| F7 Muxes                   |  111 |     0 |     35280 |  0.31 |
| F8 Muxes                   |    0 |     0 |     17640 |  0.00 |
| F9 Muxes                   |    0 |     0 |      8820 |  0.00 |
+----------------------------+------+-------+-----------+-------+


1.1 Summary of Registers by Type
--------------------------------

+-------+--------------+-------------+--------------+
| Total | Clock Enable | Synchronous | Asynchronous |
+-------+--------------+-------------+--------------+
| 1     |            _ |           - |            - |
| 0     |            _ |           - |          Set |
| 0     |            _ |           - |        Reset |
| 0     |            _ |         Set |            - |
| 0     |            _ |       Reset |            - |
| 0     |          Yes |           - |            - |
| 6     |          Yes |           - |          Set |
| 239   |          Yes |           - |        Reset |
| 60    |          Yes |         Set |            - |
| 1020  |          Yes |       Reset |            - |
+-------+--------------+-------------+--------------+


2. CLB Logic Distribution
-------------------------

+--------------------------------------------+------+-------+-----------+-------+
|                  Site Type                 | Used | Fixed | Available | Util% |
+--------------------------------------------+------+-------+-----------+-------+
| CLB                                        |  301 |     0 |      8820 |  3.41 |
|   CLBL                                     |  170 |     0 |           |       |
|   CLBM                                     |  131 |     0 |           |       |
| LUT as Logic                               | 1293 |     0 |     70560 |  1.83 |
|   using O5 output only                     |   40 |       |           |       |
|   using O6 output only                     | 1005 |       |           |       |
|   using O5 and O6                          |  248 |       |           |       |
| LUT as Memory                              |  148 |     0 |     28800 |  0.51 |
|   LUT as Distributed RAM                   |   64 |     0 |           |       |
|     using O5 output only                   |    0 |       |           |       |
|     using O6 output only                   |    0 |       |           |       |
|     using O5 and O6                        |   64 |       |           |       |
|   LUT as Shift Register                    |   84 |     0 |           |       |
|     using O5 output only                   |    0 |       |           |       |
|     using O6 output only                   |   50 |       |           |       |
|     using O5 and O6                        |   34 |       |           |       |
| CLB Registers                              | 1326 |     0 |    141120 |  0.94 |
|   Register driven from within the CLB      |  664 |       |           |       |
|   Register driven from outside the CLB     |  662 |       |           |       |
|     LUT in front of the register is unused |  454 |       |           |       |
|     LUT in front of the register is used   |  208 |       |           |       |
| Unique Control Sets                        |   84 |       |     17640 |  0.48 |
+--------------------------------------------+------+-------+-----------+-------+
* Note: Available Control Sets calculated as CLB Registers / 8, Review the Control Sets Report for more information regarding control sets.


3. BLOCKRAM
-----------

+-------------------+------+-------+-----------+-------+
|     Site Type     | Used | Fixed | Available | Util% |
+-------------------+------+-------+-----------+-------+
| Block RAM Tile    |    8 |     0 |       216 |  3.70 |
|   RAMB36/FIFO*    |    8 |     0 |       216 |  3.70 |
|     RAMB36E2 only |    8 |       |           |       |
|   RAMB18          |    0 |     0 |       432 |  0.00 |
+-------------------+------+-------+-----------+-------+
* Note: Each Block RAM Tile only has one FIFO logic available and therefore can accommodate only one FIFO36E2 or one FIFO18E2. However, if a FIFO18E2 occupies a Block RAM Tile, that tile can still accommodate a RAMB18E2


4. ARITHMETIC
-------------

+-----------+------+-------+-----------+-------+
| Site Type | Used | Fixed | Available | Util% |
+-----------+------+-------+-----------+-------+
| DSPs      |    0 |     0 |       360 |  0.00 |
+-----------+------+-------+-----------+-------+


5. I/O
------

+------------------+------+-------+-----------+-------+
|     Site Type    | Used | Fixed | Available | Util% |
+------------------+------+-------+-----------+-------+
| Bonded IOB       |    4 |     4 |        82 |  4.88 |
| HPIOB_M          |    0 |     0 |        26 |  0.00 |
| HPIOB_S          |    0 |     0 |        26 |  0.00 |
| HDIOB_M          |    3 |     3 |        12 | 25.00 |
|   INPUT          |    1 |       |           |       |
|   OUTPUT         |    2 |       |           |       |
|   BIDIR          |    0 |       |           |       |
| HDIOB_S          |    1 |     1 |        12 |  8.33 |
|   INPUT          |    0 |       |           |       |
|   OUTPUT         |    1 |       |           |       |
|   BIDIR          |    0 |       |           |       |
| HPIOB_SNGL       |    0 |     0 |         6 |  0.00 |
| HPIOBDIFFINBUF   |    0 |     0 |        72 |  0.00 |
| HPIOBDIFFOUTBUF  |    0 |     0 |        72 |  0.00 |
| HDIOBDIFFINBUF   |    0 |     0 |        48 |  0.00 |
| BITSLICE_CONTROL |    0 |     0 |        24 |  0.00 |
| BITSLICE_RX_TX   |    0 |     0 |       156 |  0.00 |
| BITSLICE_TX      |    0 |     0 |        24 |  0.00 |
| RIU_OR           |    0 |     0 |        12 |  0.00 |
+------------------+------+-------+-----------+-------+


6. CLOCK
--------

+----------------------+------+-------+-----------+-------+
|       Site Type      | Used | Fixed | Available | Util% |
+----------------------+------+-------+-----------+-------+
| GLOBAL CLOCK BUFFERs |    2 |     0 |       196 |  1.02 |
|   BUFGCE             |    1 |     0 |        88 |  1.14 |
|   BUFGCE_DIV         |    0 |     0 |        12 |  0.00 |
|   BUFG_PS            |    1 |     0 |        72 |  1.39 |
|   BUFGCTRL*          |    0 |     0 |        24 |  0.00 |
| PLL                  |    0 |     0 |         6 |  0.00 |
| MMCM                 |    0 |     0 |         3 |  0.00 |
+----------------------+------+-------+-----------+-------+
* Note: Each used BUFGCTRL counts as two global buffer resources. This table does not include global clocking resources, only buffer cell usage. See the Clock Utilization Report (report_clock_utilization) for detailed accounting of global clocking resource availability.


7. ADVANCED
-----------

+-----------+------+-------+-----------+--------+
| Site Type | Used | Fixed | Available |  Util% |
+-----------+------+-------+-----------+--------+
| PS8       |    1 |     0 |         1 | 100.00 |
| SYSMONE4  |    0 |     0 |         1 |   0.00 |
+-----------+------+-------+-----------+--------+


8. CONFIGURATION
----------------

+-------------+------+-------+-----------+-------+
|  Site Type  | Used | Fixed | Available | Util% |
+-------------+------+-------+-----------+-------+
| BSCANE2     |    1 |     0 |         4 | 25.00 |
| DNA_PORTE2  |    0 |     0 |         1 |  0.00 |
| EFUSE_USR   |    0 |     0 |         1 |  0.00 |
| FRAME_ECCE4 |    0 |     0 |         1 |  0.00 |
| ICAPE3      |    0 |     0 |         2 |  0.00 |
| MASTER_JTAG |    0 |     0 |         1 |  0.00 |
| STARTUPE3   |    0 |     0 |         1 |  0.00 |
+-------------+------+-------+-----------+-------+


9. Primitives
-------------

+----------+------+---------------------+
| Ref Name | Used | Functional Category |
+----------+------+---------------------+
| FDRE     | 1020 |            Register |
| LUT6     |  483 |                 CLB |
| LUT5     |  368 |                 CLB |
| LUT3     |  312 |                 CLB |
| FDCE     |  239 |            Register |
| LUT4     |  215 |                 CLB |
| LUT2     |  147 |                 CLB |
| SRL16E   |  111 |                 CLB |
| MUXF7    |  111 |                 CLB |
| RAMD32   |   96 |                 CLB |
| FDSE     |   60 |            Register |
| RAMS32   |   32 |                 CLB |
| CARRY8   |   21 |                 CLB |
| LUT1     |   16 |                 CLB |
| RAMB36E2 |    8 |           Block Ram |
| SRLC16E  |    7 |                 CLB |
| FDPE     |    6 |            Register |
| OBUF     |    3 |                 I/O |
| PS8      |    1 |            Advanced |
| INBUF    |    1 |                 I/O |
| IBUFCTRL |    1 |              Others |
| BUFG_PS  |    1 |               Clock |
| BUFGCE   |    1 |               Clock |
| BSCANE2  |    1 |       Configuration |
| AND2B1L  |    1 |              Others |
+----------+------+---------------------+


10. Black Boxes
---------------

+----------+------+
| Ref Name | Used |
+----------+------+


11. Instantiated Netlists
-------------------------

+-------------------------------+------+
|            Ref Name           | Used |
+-------------------------------+------+
| design_1_zynq_ultra_ps_e_0_0  |    1 |
| design_1_xbar_0               |    1 |
| design_1_rst_ps8_0_100M_0     |    1 |
| design_1_microblaze_0_0       |    1 |
| design_1_mdm_1_0              |    1 |
| design_1_lmb_bram_0           |    1 |
| design_1_ilmb_v10_0           |    1 |
| design_1_ilmb_bram_if_cntlr_0 |    1 |
| design_1_dlmb_v10_0           |    1 |
| design_1_dlmb_bram_if_cntlr_0 |    1 |
| design_1_axi_uartlite_0_0     |    1 |
| design_1_axi_gpio_0_0         |    1 |
+-------------------------------+------+


