Copyright 1986-2020 Xilinx, Inc. All Rights Reserved.
-------------------------------------------------------------------------------------------------------------------------------------------------------------
| Tool Version     : Vivado v.2020.1 (lin64) Build 2902540 Wed May 27 19:54:35 MDT 2020
| Date             : Sun Aug 30 17:07:30 2020
| Host             : y-Blade-Stealth running 64-bit Ubuntu 18.04.5 LTS
| Command          : report_power -file exdes_wrapper_power_routed.rpt -pb exdes_wrapper_power_summary_routed.pb -rpx exdes_wrapper_power_routed.rpx
| Design           : exdes_wrapper
| Device           : xczu7ev-ffvc1156-2-e
| Design State     : routed
| Grade            : extended
| Process          : typical
| Characterization : Production
-------------------------------------------------------------------------------------------------------------------------------------------------------------

Power Report

Table of Contents
-----------------
1. Summary
1.1 On-Chip Components
1.2 Power Supply Summary
1.3 Confidence Level
2. Settings
2.1 Environment
2.2 Clock Constraints
3. Detailed Reports
3.1 By Hierarchy

1. Summary
----------

+--------------------------+--------------+
| Total On-Chip Power (W)  | 4.745        |
| Design Power Budget (W)  | Unspecified* |
| Power Budget Margin (W)  | NA           |
| Dynamic (W)              | 3.984        |
| Device Static (W)        | 0.761        |
| Effective TJA (C/W)      | 1.0          |
| Max Ambient (C)          | 95.4         |
| Junction Temperature (C) | 29.6         |
| Confidence Level         | Low          |
| Setting File             | ---          |
| Simulation Activity File | ---          |
| Design Nets Matched      | NA           |
+--------------------------+--------------+
* Specify Design Power Budget using, set_operating_conditions -design_power_budget <value in Watts>


1.1 On-Chip Components
----------------------

+--------------------------+-----------+----------+-----------+-----------------+
| On-Chip                  | Power (W) | Used     | Available | Utilization (%) |
+--------------------------+-----------+----------+-----------+-----------------+
| Clocks                   |     0.288 |       33 |       --- |             --- |
| CLB Logic                |     0.053 |    82179 |       --- |             --- |
|   LUT as Logic           |     0.034 |    28150 |    230400 |           12.22 |
|   LUT as Distributed RAM |     0.009 |     2098 |    101760 |            2.06 |
|   LUT as Shift Register  |     0.006 |      753 |    101760 |            0.74 |
|   Register               |     0.003 |    39716 |    460800 |            8.62 |
|   CARRY8                 |     0.002 |      755 |     28800 |            2.62 |
|   BUFG                   |    <0.001 |        5 |        64 |            7.81 |
|   Others                 |     0.000 |     2297 |       --- |             --- |
|   F7/F8 Muxes            |     0.000 |      732 |    230400 |            0.32 |
| Signals                  |     0.051 |    60722 |       --- |             --- |
| Block RAM                |     0.010 |        4 |       312 |            1.28 |
| MMCM                     |     0.292 |        0 |       --- |             --- |
| DSPs                     |     0.001 |        3 |      1728 |            0.17 |
| I/O                      |     0.019 |       18 |       360 |            5.00 |
| GTH                      |     0.608 |        3 |        20 |           15.00 |
| PS8                      |     2.661 |        1 |       --- |             --- |
| Static Power             |     0.761 |          |           |                 |
|   PS Static              |     0.100 |          |           |                 |
|   PL Static              |     0.661 |          |           |                 |
| Total                    |     4.745 |          |           |                 |
+--------------------------+-----------+----------+-----------+-----------------+


1.2 Power Supply Summary
------------------------

+-----------------+-------------+-----------+-------------+------------+-------------+-------------+------------+
| Source          | Voltage (V) | Total (A) | Dynamic (A) | Static (A) | Powerup (A) | Budget (A)  | Margin (A) |
+-----------------+-------------+-----------+-------------+------------+-------------+-------------+------------+
| Vccint          |       0.850 |     0.757 |       0.597 |      0.159 |       NA    | Unspecified | NA         |
| Vccint_io       |       0.850 |     0.075 |       0.003 |      0.071 |       NA    | Unspecified | NA         |
| Vccbram         |       0.850 |     0.003 |       0.000 |      0.002 |       NA    | Unspecified | NA         |
| Vccaux          |       1.800 |     0.308 |       0.161 |      0.147 |       NA    | Unspecified | NA         |
| Vccaux_io       |       1.800 |     0.064 |       0.009 |      0.055 |       NA    | Unspecified | NA         |
| Vcco33          |       3.300 |     0.007 |       0.000 |      0.007 |       NA    | Unspecified | NA         |
| Vcco25          |       2.500 |     0.000 |       0.000 |      0.000 |       NA    | Unspecified | NA         |
| Vcco18          |       1.800 |     0.000 |       0.000 |      0.000 |       NA    | Unspecified | NA         |
| Vcco15          |       1.500 |     0.000 |       0.000 |      0.000 |       NA    | Unspecified | NA         |
| Vcco135         |       1.350 |     0.000 |       0.000 |      0.000 |       NA    | Unspecified | NA         |
| Vcco12          |       1.200 |     0.000 |       0.000 |      0.000 |       NA    | Unspecified | NA         |
| Vcco10          |       1.000 |     0.000 |       0.000 |      0.000 |       NA    | Unspecified | NA         |
| Vccadc          |       1.800 |     0.008 |       0.000 |      0.008 |       NA    | Unspecified | NA         |
| VCC_PSINTFP     |       0.850 |     1.047 |       1.011 |      0.036 |       NA    | Unspecified | NA         |
| VCC_PSINTLP     |       0.850 |     0.253 |       0.245 |      0.007 |       NA    | Unspecified | NA         |
| VPS_MGTRAVCC    |       0.850 |     0.139 |       0.138 |      0.001 |       NA    | Unspecified | NA         |
| VCC_PSINTFP_DDR |       0.850 |     0.730 |       0.725 |      0.004 |       NA    | Unspecified | NA         |
| VCC_PSPLL       |       1.200 |     0.075 |       0.073 |      0.002 |       NA    | Unspecified | NA         |
| VPS_MGTRAVTT    |       1.800 |     0.034 |       0.033 |      0.001 |       NA    | Unspecified | NA         |
| VCCO_PSDDR_504  |       1.200 |     0.626 |       0.592 |      0.034 |       NA    | Unspecified | NA         |
| VCC_PSAUX       |       1.800 |     0.002 |       0.000 |      0.002 |       NA    | Unspecified | NA         |
| VCC_PSBATT      |       1.200 |     0.000 |       0.000 |      0.000 |       NA    | Unspecified | NA         |
| VCC_PSDDR_PLL   |       1.800 |     0.001 |       0.000 |      0.001 |       NA    | Unspecified | NA         |
| VCCO_PSIO0_500  |       1.800 |     0.001 |       0.001 |      0.001 |       NA    | Unspecified | NA         |
| VCCO_PSIO1_501  |       1.800 |     0.001 |       0.000 |      0.001 |       NA    | Unspecified | NA         |
| VCCO_PSIO2_502  |       1.800 |     0.001 |       0.000 |      0.001 |       NA    | Unspecified | NA         |
| VCCO_PSIO3_503  |       3.300 |     0.001 |       0.000 |      0.001 |       NA    | Unspecified | NA         |
| VCC_PSADC       |       1.800 |     0.002 |       0.000 |      0.002 |       NA    | Unspecified | NA         |
| VCCINT_VCU      |       0.900 |     0.028 |       0.000 |      0.028 |       NA    | Unspecified | NA         |
| MGTAVcc         |       0.900 |     0.183 |       0.172 |      0.011 |       NA    | Unspecified | NA         |
| MGTAVtt         |       1.200 |     0.314 |       0.291 |      0.023 |       NA    | Unspecified | NA         |
| MGTVccaux       |       1.800 |     0.000 |       0.000 |      0.000 |       NA    | Unspecified | NA         |
+-----------------+-------------+-----------+-------------+------------+-------------+-------------+------------+


1.3 Confidence Level
--------------------

+-----------------------------+------------+--------------------------------------------------------+------------------------------------------------------------------------------------------------------------+
| User Input Data             | Confidence | Details                                                | Action                                                                                                     |
+-----------------------------+------------+--------------------------------------------------------+------------------------------------------------------------------------------------------------------------+
| Design implementation state | High       | Design is routed                                       |                                                                                                            |
| Clock nodes activity        | High       | User specified more than 95% of clocks                 |                                                                                                            |
| I/O nodes activity          | Low        | More than 75% of inputs are missing user specification | Provide missing input activity with simulation results or by editing the "By Resource Type -> I/Os" view   |
| Internal nodes activity     | Medium     | User specified less than 25% of internal nodes         | Provide missing internal nodes activity with simulation results or by editing the "By Resource Type" views |
| Device models               | High       | Device models are Production                           |                                                                                                            |
|                             |            |                                                        |                                                                                                            |
| Overall confidence level    | Low        |                                                        |                                                                                                            |
+-----------------------------+------------+--------------------------------------------------------+------------------------------------------------------------------------------------------------------------+


2. Settings
-----------

2.1 Environment
---------------

+-----------------------+--------------------------+
| Ambient Temp (C)      | 25.0                     |
| ThetaJA (C/W)         | 1.0                      |
| Airflow (LFM)         | 250                      |
| Heat Sink             | medium (Medium Profile)  |
| ThetaSA (C/W)         | 1.5                      |
| Board Selection       | medium (10"x10")         |
| # of Board Layers     | 12to15 (12 to 15 Layers) |
| Board Temperature (C) | 25.0                     |
+-----------------------+--------------------------+


2.2 Clock Constraints
---------------------

+----------------------------------------------------------------------------------------------------------------------------------------------------------------------------------------------------------------------------------------------------------------------------------------------------------------------------------------------------------+-------------------------------------------------------------------------------------------------------------------------------------------------------------------------------------------------------------------------------------------------------------------------------------------------------------------------------------------+-----------------+
| Clock                                                                                                                                                                                                                                                                                                                                                    | Domain                                                                                                                                                                                                                                                                                                                                    | Constraint (ns) |
+----------------------------------------------------------------------------------------------------------------------------------------------------------------------------------------------------------------------------------------------------------------------------------------------------------------------------------------------------------+-------------------------------------------------------------------------------------------------------------------------------------------------------------------------------------------------------------------------------------------------------------------------------------------------------------------------------------------+-----------------+
| GTHE4_CHANNEL_RXOUTCLKPCS[0]                                                                                                                                                                                                                                                                                                                             | exdes_i/vid_phy_controller/inst/gt_wrapper_inst/inst/gen_gtwizard_gthe4_top.exdes_vid_phy_controller_0_gtwrapper_gtwizard_gthe4_inst/gen_gtwizard_gthe4.gen_channel_container[0].gen_enabled_channel.gthe4_channel_wrapper_inst/channel_inst/GTHE4_CHANNEL_RXOUTCLKPCS[0]                                                                 |             3.4 |
| GTHE4_CHANNEL_RXOUTCLKPCS[1]                                                                                                                                                                                                                                                                                                                             | exdes_i/vid_phy_controller/inst/gt_wrapper_inst/inst/gen_gtwizard_gthe4_top.exdes_vid_phy_controller_0_gtwrapper_gtwizard_gthe4_inst/gen_gtwizard_gthe4.gen_channel_container[0].gen_enabled_channel.gthe4_channel_wrapper_inst/channel_inst/GTHE4_CHANNEL_RXOUTCLKPCS[1]                                                                 |             3.4 |
| GTHE4_CHANNEL_RXOUTCLKPCS[2]                                                                                                                                                                                                                                                                                                                             | exdes_i/vid_phy_controller/inst/gt_wrapper_inst/inst/gen_gtwizard_gthe4_top.exdes_vid_phy_controller_0_gtwrapper_gtwizard_gthe4_inst/gen_gtwizard_gthe4.gen_channel_container[0].gen_enabled_channel.gthe4_channel_wrapper_inst/channel_inst/GTHE4_CHANNEL_RXOUTCLKPCS[2]                                                                 |             3.4 |
| clk_out1_exdes_clk_wiz_0                                                                                                                                                                                                                                                                                                                                 | exdes_i/audio_ss_0/clk_wiz/inst/CLK_CORE_DRP_I/clk_inst/clk_out1_exdes_clk_wiz_0                                                                                                                                                                                                                                                          |            10.0 |
| clk_pl_0                                                                                                                                                                                                                                                                                                                                                 | exdes_i/zynq_us_ss_0/zynq_us/inst/pl_clk_unbuffered[0]                                                                                                                                                                                                                                                                                    |            10.0 |
| clk_pl_1                                                                                                                                                                                                                                                                                                                                                 | exdes_i/zynq_us_ss_0/zynq_us/inst/pl_clk_unbuffered[1]                                                                                                                                                                                                                                                                                    |             3.3 |
| clkout1                                                                                                                                                                                                                                                                                                                                                  | exdes_i/vid_phy_controller/inst/gt_usrclk_source_inst/rx_mmcm.rxoutclk_mmcm0_i/clkout1                                                                                                                                                                                                                                                    |             3.4 |
| clkout1_1                                                                                                                                                                                                                                                                                                                                                | exdes_i/vid_phy_controller/inst/gt_usrclk_source_inst/tx_mmcm.txoutclk_mmcm0_i/clkout1                                                                                                                                                                                                                                                    |             3.4 |
| clkout2                                                                                                                                                                                                                                                                                                                                                  | exdes_i/vid_phy_controller/inst/gt_usrclk_source_inst/rx_mmcm.rxoutclk_mmcm0_i/clkout2                                                                                                                                                                                                                                                    |             3.4 |
| clkout2_1                                                                                                                                                                                                                                                                                                                                                | exdes_i/vid_phy_controller/inst/gt_usrclk_source_inst/tx_mmcm.txoutclk_mmcm0_i/clkout2                                                                                                                                                                                                                                                    |             3.4 |
| dru_mgt_refclk                                                                                                                                                                                                                                                                                                                                           | DRU_CLK_IN_clk_p[0]                                                                                                                                                                                                                                                                                                                       |             6.4 |
| exdes_i/vid_phy_controller/inst/gt_wrapper_inst/inst/gen_gtwizard_gthe4_top.exdes_vid_phy_controller_0_gtwrapper_gtwizard_gthe4_inst/gen_gtwizard_gthe4.gen_cpll_cal_gthe4.gen_cpll_cal_inst[0].gen_inst_cpll_cal.gtwizard_ultrascale_v1_7_8_gthe4_cpll_cal_inst/gtwizard_ultrascale_v1_7_8_gthe4_cpll_cal_rx_i/gen_cal_rx_en.bufg_gt_rxoutclkmon_inst/O | exdes_i/vid_phy_controller/inst/gt_wrapper_inst/inst/gen_gtwizard_gthe4_top.exdes_vid_phy_controller_0_gtwrapper_gtwizard_gthe4_inst/gen_gtwizard_gthe4.gen_cpll_cal_gthe4.gen_cpll_cal_inst[0].gen_inst_cpll_cal.gtwizard_ultrascale_v1_7_8_gthe4_cpll_cal_inst/gtwizard_ultrascale_v1_7_8_gthe4_cpll_cal_rx_i/gen_cal_rx_en.rxoutclkmon |             6.7 |
| exdes_i/vid_phy_controller/inst/gt_wrapper_inst/inst/gen_gtwizard_gthe4_top.exdes_vid_phy_controller_0_gtwrapper_gtwizard_gthe4_inst/gen_gtwizard_gthe4.gen_cpll_cal_gthe4.gen_cpll_cal_inst[0].gen_inst_cpll_cal.gtwizard_ultrascale_v1_7_8_gthe4_cpll_cal_inst/gtwizard_ultrascale_v1_7_8_gthe4_cpll_cal_tx_i/bufg_gt_txoutclkmon_inst/O               | exdes_i/vid_phy_controller/inst/gt_wrapper_inst/inst/gen_gtwizard_gthe4_top.exdes_vid_phy_controller_0_gtwrapper_gtwizard_gthe4_inst/gen_gtwizard_gthe4.gen_cpll_cal_gthe4.gen_cpll_cal_inst[0].gen_inst_cpll_cal.gtwizard_ultrascale_v1_7_8_gthe4_cpll_cal_inst/gtwizard_ultrascale_v1_7_8_gthe4_cpll_cal_tx_i/txoutclkmon               |             6.7 |
| exdes_i/vid_phy_controller/inst/gt_wrapper_inst/inst/gen_gtwizard_gthe4_top.exdes_vid_phy_controller_0_gtwrapper_gtwizard_gthe4_inst/gen_gtwizard_gthe4.gen_cpll_cal_gthe4.gen_cpll_cal_inst[1].gen_inst_cpll_cal.gtwizard_ultrascale_v1_7_8_gthe4_cpll_cal_inst/gtwizard_ultrascale_v1_7_8_gthe4_cpll_cal_rx_i/gen_cal_rx_en.bufg_gt_rxoutclkmon_inst/O | exdes_i/vid_phy_controller/inst/gt_wrapper_inst/inst/gen_gtwizard_gthe4_top.exdes_vid_phy_controller_0_gtwrapper_gtwizard_gthe4_inst/gen_gtwizard_gthe4.gen_cpll_cal_gthe4.gen_cpll_cal_inst[1].gen_inst_cpll_cal.gtwizard_ultrascale_v1_7_8_gthe4_cpll_cal_inst/gtwizard_ultrascale_v1_7_8_gthe4_cpll_cal_rx_i/gen_cal_rx_en.rxoutclkmon |             6.7 |
| exdes_i/vid_phy_controller/inst/gt_wrapper_inst/inst/gen_gtwizard_gthe4_top.exdes_vid_phy_controller_0_gtwrapper_gtwizard_gthe4_inst/gen_gtwizard_gthe4.gen_cpll_cal_gthe4.gen_cpll_cal_inst[1].gen_inst_cpll_cal.gtwizard_ultrascale_v1_7_8_gthe4_cpll_cal_inst/gtwizard_ultrascale_v1_7_8_gthe4_cpll_cal_tx_i/bufg_gt_txoutclkmon_inst/O               | exdes_i/vid_phy_controller/inst/gt_wrapper_inst/inst/gen_gtwizard_gthe4_top.exdes_vid_phy_controller_0_gtwrapper_gtwizard_gthe4_inst/gen_gtwizard_gthe4.gen_cpll_cal_gthe4.gen_cpll_cal_inst[1].gen_inst_cpll_cal.gtwizard_ultrascale_v1_7_8_gthe4_cpll_cal_inst/gtwizard_ultrascale_v1_7_8_gthe4_cpll_cal_tx_i/txoutclkmon               |             6.7 |
| exdes_i/vid_phy_controller/inst/gt_wrapper_inst/inst/gen_gtwizard_gthe4_top.exdes_vid_phy_controller_0_gtwrapper_gtwizard_gthe4_inst/gen_gtwizard_gthe4.gen_cpll_cal_gthe4.gen_cpll_cal_inst[2].gen_inst_cpll_cal.gtwizard_ultrascale_v1_7_8_gthe4_cpll_cal_inst/gtwizard_ultrascale_v1_7_8_gthe4_cpll_cal_rx_i/gen_cal_rx_en.bufg_gt_rxoutclkmon_inst/O | exdes_i/vid_phy_controller/inst/gt_wrapper_inst/inst/gen_gtwizard_gthe4_top.exdes_vid_phy_controller_0_gtwrapper_gtwizard_gthe4_inst/gen_gtwizard_gthe4.gen_cpll_cal_gthe4.gen_cpll_cal_inst[2].gen_inst_cpll_cal.gtwizard_ultrascale_v1_7_8_gthe4_cpll_cal_inst/gtwizard_ultrascale_v1_7_8_gthe4_cpll_cal_rx_i/gen_cal_rx_en.rxoutclkmon |             6.7 |
| exdes_i/vid_phy_controller/inst/gt_wrapper_inst/inst/gen_gtwizard_gthe4_top.exdes_vid_phy_controller_0_gtwrapper_gtwizard_gthe4_inst/gen_gtwizard_gthe4.gen_cpll_cal_gthe4.gen_cpll_cal_inst[2].gen_inst_cpll_cal.gtwizard_ultrascale_v1_7_8_gthe4_cpll_cal_inst/gtwizard_ultrascale_v1_7_8_gthe4_cpll_cal_tx_i/bufg_gt_txoutclkmon_inst/O               | exdes_i/vid_phy_controller/inst/gt_wrapper_inst/inst/gen_gtwizard_gthe4_top.exdes_vid_phy_controller_0_gtwrapper_gtwizard_gthe4_inst/gen_gtwizard_gthe4.gen_cpll_cal_gthe4.gen_cpll_cal_inst[2].gen_inst_cpll_cal.gtwizard_ultrascale_v1_7_8_gthe4_cpll_cal_inst/gtwizard_ultrascale_v1_7_8_gthe4_cpll_cal_tx_i/txoutclkmon               |             6.7 |
| net_vid_phy_controller_rxoutclk                                                                                                                                                                                                                                                                                                                          | exdes_i/vid_phy_controller/inst/gt_usrclk_source_inst/rxoutclk                                                                                                                                                                                                                                                                            |             3.4 |
| net_vid_phy_controller_txoutclk                                                                                                                                                                                                                                                                                                                          | exdes_i/vid_phy_controller/inst/gt_usrclk_source_inst/txoutclk                                                                                                                                                                                                                                                                            |             3.4 |
| qpll0clk_in[0]                                                                                                                                                                                                                                                                                                                                           | exdes_i/vid_phy_controller/inst/gt_common_inst/common_inst/qpll0clk_in[0]                                                                                                                                                                                                                                                                 |             0.2 |
| qpll0refclk_in[0]                                                                                                                                                                                                                                                                                                                                        | exdes_i/vid_phy_controller/inst/gt_common_inst/common_inst/qpll0refclk_in[0]                                                                                                                                                                                                                                                              |             3.4 |
| qpll1clk_in[0]                                                                                                                                                                                                                                                                                                                                           | exdes_i/vid_phy_controller/inst/gt_common_inst/common_inst/qpll1clk_in[0]                                                                                                                                                                                                                                                                 |             0.2 |
| qpll1refclk_in[0]                                                                                                                                                                                                                                                                                                                                        | exdes_i/vid_phy_controller/inst/gt_common_inst/common_inst/qpll1refclk_in[0]                                                                                                                                                                                                                                                              |             3.4 |
| rx_mgt_refclk                                                                                                                                                                                                                                                                                                                                            | HDMI_RX_CLK_P_IN                                                                                                                                                                                                                                                                                                                          |             3.4 |
| rxoutclk_out[0]                                                                                                                                                                                                                                                                                                                                          | exdes_i/vid_phy_controller/inst/gt_wrapper_inst/inst/gen_gtwizard_gthe4_top.exdes_vid_phy_controller_0_gtwrapper_gtwizard_gthe4_inst/gen_gtwizard_gthe4.gen_channel_container[0].gen_enabled_channel.gthe4_channel_wrapper_inst/channel_inst/rxoutclk_out[0]                                                                              |             3.4 |
| rxoutclk_out[1]                                                                                                                                                                                                                                                                                                                                          | exdes_i/vid_phy_controller/inst/gt_wrapper_inst/inst/gen_gtwizard_gthe4_top.exdes_vid_phy_controller_0_gtwrapper_gtwizard_gthe4_inst/gen_gtwizard_gthe4.gen_channel_container[0].gen_enabled_channel.gthe4_channel_wrapper_inst/channel_inst/rxoutclk_out[1]                                                                              |             3.4 |
| rxoutclk_out[2]                                                                                                                                                                                                                                                                                                                                          | exdes_i/vid_phy_controller/inst/gt_wrapper_inst/inst/gen_gtwizard_gthe4_top.exdes_vid_phy_controller_0_gtwrapper_gtwizard_gthe4_inst/gen_gtwizard_gthe4.gen_channel_container[0].gen_enabled_channel.gthe4_channel_wrapper_inst/channel_inst/rxoutclk_out[2]                                                                              |             3.4 |
| tx_mgt_refclk                                                                                                                                                                                                                                                                                                                                            | TX_REFCLK_P_IN                                                                                                                                                                                                                                                                                                                            |             3.4 |
| txoutclk_out[0]                                                                                                                                                                                                                                                                                                                                          | exdes_i/vid_phy_controller/inst/gt_wrapper_inst/inst/gen_gtwizard_gthe4_top.exdes_vid_phy_controller_0_gtwrapper_gtwizard_gthe4_inst/gen_gtwizard_gthe4.gen_channel_container[0].gen_enabled_channel.gthe4_channel_wrapper_inst/channel_inst/txoutclk_out[0]                                                                              |             3.4 |
| txoutclk_out[1]                                                                                                                                                                                                                                                                                                                                          | exdes_i/vid_phy_controller/inst/gt_wrapper_inst/inst/gen_gtwizard_gthe4_top.exdes_vid_phy_controller_0_gtwrapper_gtwizard_gthe4_inst/gen_gtwizard_gthe4.gen_channel_container[0].gen_enabled_channel.gthe4_channel_wrapper_inst/channel_inst/txoutclk_out[1]                                                                              |             3.4 |
| txoutclk_out[2]                                                                                                                                                                                                                                                                                                                                          | exdes_i/vid_phy_controller/inst/gt_wrapper_inst/inst/gen_gtwizard_gthe4_top.exdes_vid_phy_controller_0_gtwrapper_gtwizard_gthe4_inst/gen_gtwizard_gthe4.gen_channel_container[0].gen_enabled_channel.gthe4_channel_wrapper_inst/channel_inst/txoutclk_out[2]                                                                              |             3.4 |
+----------------------------------------------------------------------------------------------------------------------------------------------------------------------------------------------------------------------------------------------------------------------------------------------------------------------------------------------------------+-------------------------------------------------------------------------------------------------------------------------------------------------------------------------------------------------------------------------------------------------------------------------------------------------------------------------------------------+-----------------+


3. Detailed Reports
-------------------

3.1 By Hierarchy
----------------

+-----------------------------+-----------+
| Name                        | Power (W) |
+-----------------------------+-----------+
| exdes_wrapper               |     3.984 |
|   exdes_i                   |     3.982 |
|     audio_ss_0              |     0.125 |
|       aud_pat_gen           |     0.009 |
|       axi_interconnect      |     0.005 |
|       clk_wiz               |     0.103 |
|       hdmi_acr_ctrl         |     0.008 |
|     gt_refclk_buf           |     0.006 |
|       U0                    |     0.006 |
|     rx_video_axis_reg_slice |     0.001 |
|       inst                  |     0.001 |
|     tx_video_axis_reg_slice |     0.001 |
|       inst                  |     0.001 |
|     v_hdmi_rx_ss            |     0.091 |
|       inst                  |     0.091 |
|     v_hdmi_tx_ss            |     0.094 |
|       inst                  |     0.094 |
|     v_tpg_ss_0              |     0.031 |
|       v_tpg                 |     0.030 |
|     vid_phy_controller      |     0.889 |
|       inst                  |     0.889 |
|     zynq_us_ss_0            |     2.742 |
|       axi_interconnect_0    |     0.074 |
|       fmch_axi_iic          |     0.002 |
|       zynq_us               |     2.666 |
+-----------------------------+-----------+


