Copyright 1986-2020 Xilinx, Inc. All Rights Reserved.
---------------------------------------------------------------------------------------------------------------------------------
| Tool Version : Vivado v.2020.1 (lin64) Build 2902540 Wed May 27 19:54:35 MDT 2020
| Date         : Sun Aug 30 17:06:55 2020
| Host         : y-Blade-Stealth running 64-bit Ubuntu 18.04.5 LTS
| Command      : report_drc -file exdes_wrapper_drc_routed.rpt -pb exdes_wrapper_drc_routed.pb -rpx exdes_wrapper_drc_routed.rpx
| Design       : exdes_wrapper
| Device       : xczu7ev-ffvc1156-2-e
| Speed File   : -2
| Design State : Fully Routed
---------------------------------------------------------------------------------------------------------------------------------

Report DRC

Table of Contents
-----------------
1. REPORT SUMMARY
2. REPORT DETAILS

1. REPORT SUMMARY
-----------------
            Netlist: netlist
          Floorplan: design_1
      Design limits: <entire design considered>
           Ruledeck: default
             Max violations: <unlimited>
             Violations found: 10
+-----------+----------+------------------------+------------+
| Rule      | Severity | Description            | Violations |
+-----------+----------+------------------------+------------+
| DPIP-2    | Warning  | Input pipelining       | 6          |
| DPOP-4    | Warning  | MREG Output pipelining | 3          |
| RTSTAT-10 | Warning  | No routable loads      | 1          |
+-----------+----------+------------------------+------------+

2. REPORT DETAILS
-----------------
DPIP-2#1 Warning
Input pipelining  
DSP exdes_i/vid_phy_controller/inst/dru_b0gt0_inst/NIDRU_INST/Inst_dru/fnidru_1.Inst_pd/multOp input exdes_i/vid_phy_controller/inst/dru_b0gt0_inst/NIDRU_INST/Inst_dru/fnidru_1.Inst_pd/multOp/A[29:0] is not pipelined. Pipelining DSP48 input will improve performance.
Related violations: <none>

DPIP-2#2 Warning
Input pipelining  
DSP exdes_i/vid_phy_controller/inst/dru_b0gt0_inst/NIDRU_INST/Inst_dru/fnidru_1.Inst_pd/multOp input exdes_i/vid_phy_controller/inst/dru_b0gt0_inst/NIDRU_INST/Inst_dru/fnidru_1.Inst_pd/multOp/B[17:0] is not pipelined. Pipelining DSP48 input will improve performance.
Related violations: <none>

DPIP-2#3 Warning
Input pipelining  
DSP exdes_i/vid_phy_controller/inst/dru_b0gt1_inst/NIDRU_INST/Inst_dru/fnidru_1.Inst_pd/multOp input exdes_i/vid_phy_controller/inst/dru_b0gt1_inst/NIDRU_INST/Inst_dru/fnidru_1.Inst_pd/multOp/A[29:0] is not pipelined. Pipelining DSP48 input will improve performance.
Related violations: <none>

DPIP-2#4 Warning
Input pipelining  
DSP exdes_i/vid_phy_controller/inst/dru_b0gt1_inst/NIDRU_INST/Inst_dru/fnidru_1.Inst_pd/multOp input exdes_i/vid_phy_controller/inst/dru_b0gt1_inst/NIDRU_INST/Inst_dru/fnidru_1.Inst_pd/multOp/B[17:0] is not pipelined. Pipelining DSP48 input will improve performance.
Related violations: <none>

DPIP-2#5 Warning
Input pipelining  
DSP exdes_i/vid_phy_controller/inst/dru_b0gt2_inst/NIDRU_INST/Inst_dru/fnidru_1.Inst_pd/multOp input exdes_i/vid_phy_controller/inst/dru_b0gt2_inst/NIDRU_INST/Inst_dru/fnidru_1.Inst_pd/multOp/A[29:0] is not pipelined. Pipelining DSP48 input will improve performance.
Related violations: <none>

DPIP-2#6 Warning
Input pipelining  
DSP exdes_i/vid_phy_controller/inst/dru_b0gt2_inst/NIDRU_INST/Inst_dru/fnidru_1.Inst_pd/multOp input exdes_i/vid_phy_controller/inst/dru_b0gt2_inst/NIDRU_INST/Inst_dru/fnidru_1.Inst_pd/multOp/B[17:0] is not pipelined. Pipelining DSP48 input will improve performance.
Related violations: <none>

DPOP-4#1 Warning
MREG Output pipelining  
DSP exdes_i/vid_phy_controller/inst/dru_b0gt0_inst/NIDRU_INST/Inst_dru/fnidru_1.Inst_pd/multOp multiplier stage exdes_i/vid_phy_controller/inst/dru_b0gt0_inst/NIDRU_INST/Inst_dru/fnidru_1.Inst_pd/multOp/P[47:0] is not pipelined (MREG=0). Pipelining the multiplier function will improve performance and will save significant power so it is suggested whenever possible to fully pipeline this function.  If this multiplier was inferred, it is suggested to describe an additional register stage after this function.  If there is no registered adder/accumulator following the multiply function, two pipeline stages are suggested to allow both the MREG and PREG registers to be used.  If the DSP48 was instantiated in the design, it is suggested to set both the MREG and PREG attributes to 1 when performing multiply functions.
Related violations: <none>

DPOP-4#2 Warning
MREG Output pipelining  
DSP exdes_i/vid_phy_controller/inst/dru_b0gt1_inst/NIDRU_INST/Inst_dru/fnidru_1.Inst_pd/multOp multiplier stage exdes_i/vid_phy_controller/inst/dru_b0gt1_inst/NIDRU_INST/Inst_dru/fnidru_1.Inst_pd/multOp/P[47:0] is not pipelined (MREG=0). Pipelining the multiplier function will improve performance and will save significant power so it is suggested whenever possible to fully pipeline this function.  If this multiplier was inferred, it is suggested to describe an additional register stage after this function.  If there is no registered adder/accumulator following the multiply function, two pipeline stages are suggested to allow both the MREG and PREG registers to be used.  If the DSP48 was instantiated in the design, it is suggested to set both the MREG and PREG attributes to 1 when performing multiply functions.
Related violations: <none>

DPOP-4#3 Warning
MREG Output pipelining  
DSP exdes_i/vid_phy_controller/inst/dru_b0gt2_inst/NIDRU_INST/Inst_dru/fnidru_1.Inst_pd/multOp multiplier stage exdes_i/vid_phy_controller/inst/dru_b0gt2_inst/NIDRU_INST/Inst_dru/fnidru_1.Inst_pd/multOp/P[47:0] is not pipelined (MREG=0). Pipelining the multiplier function will improve performance and will save significant power so it is suggested whenever possible to fully pipeline this function.  If this multiplier was inferred, it is suggested to describe an additional register stage after this function.  If there is no registered adder/accumulator following the multiply function, two pipeline stages are suggested to allow both the MREG and PREG registers to be used.  If the DSP48 was instantiated in the design, it is suggested to set both the MREG and PREG attributes to 1 when performing multiply functions.
Related violations: <none>

RTSTAT-10#1 Warning
No routable loads  
92 net(s) have no routable loads. The problem bus(es) and/or net(s) are exdes_i/zynq_us_ss_0/axi_interconnect_0/m08_couplers/auto_cc/inst/gen_clock_conv.gen_async_conv.asyncfifo_axi/inst_fifo_gen/gaxi_full_lite.gwrite_ch.gwrch2.axi_wrch/grf.rf/gntv_or_sync_fifo.gl0.rd/gr1.gr1_int.rfwft/aempty_fwft_i,
exdes_i/zynq_us_ss_0/axi_interconnect_0/m08_couplers/auto_cc/inst/gen_clock_conv.gen_async_conv.asyncfifo_axi/inst_fifo_gen/gaxi_full_lite.gread_ch.grdch2.axi_rdch/grf.rf/gntv_or_sync_fifo.gl0.rd/gr1.gr1_int.rfwft/aempty_fwft_i,
exdes_i/zynq_us_ss_0/axi_interconnect_0/m08_couplers/auto_cc/inst/gen_clock_conv.gen_async_conv.asyncfifo_axi/inst_fifo_gen/gaxi_full_lite.gwrite_ch.gwdch2.axi_wdch/grf.rf/gntv_or_sync_fifo.gl0.rd/gr1.gr1_int.rfwft/aempty_fwft_i,
exdes_i/zynq_us_ss_0/axi_interconnect_0/m08_couplers/auto_cc/inst/gen_clock_conv.gen_async_conv.asyncfifo_axi/inst_fifo_gen/gaxi_full_lite.gwrite_ch.gwach2.axi_wach/grf.rf/gntv_or_sync_fifo.gl0.rd/gr1.gr1_int.rfwft/aempty_fwft_i,
exdes_i/zynq_us_ss_0/axi_interconnect_0/m08_couplers/auto_cc/inst/gen_clock_conv.gen_async_conv.asyncfifo_axi/inst_fifo_gen/gaxi_full_lite.gread_ch.grach2.axi_rach/grf.rf/gntv_or_sync_fifo.gl0.rd/gr1.gr1_int.rfwft/aempty_fwft_i,
exdes_i/zynq_us_ss_0/axi_interconnect_0/m05_couplers/auto_cc/inst/gen_clock_conv.gen_async_conv.asyncfifo_axi/inst_fifo_gen/gaxi_full_lite.gread_ch.grdch2.axi_rdch/grf.rf/gntv_or_sync_fifo.gl0.rd/gr1.gr1_int.rfwft/aempty_fwft_i,
exdes_i/zynq_us_ss_0/axi_interconnect_0/m05_couplers/auto_cc/inst/gen_clock_conv.gen_async_conv.asyncfifo_axi/inst_fifo_gen/gaxi_full_lite.gwrite_ch.gwdch2.axi_wdch/grf.rf/gntv_or_sync_fifo.gl0.rd/gr1.gr1_int.rfwft/aempty_fwft_i,
exdes_i/zynq_us_ss_0/axi_interconnect_0/m05_couplers/auto_cc/inst/gen_clock_conv.gen_async_conv.asyncfifo_axi/inst_fifo_gen/gaxi_full_lite.gwrite_ch.gwach2.axi_wach/grf.rf/gntv_or_sync_fifo.gl0.rd/gr1.gr1_int.rfwft/aempty_fwft_i,
exdes_i/zynq_us_ss_0/axi_interconnect_0/m05_couplers/auto_cc/inst/gen_clock_conv.gen_async_conv.asyncfifo_axi/inst_fifo_gen/gaxi_full_lite.gread_ch.grach2.axi_rach/grf.rf/gntv_or_sync_fifo.gl0.rd/gr1.gr1_int.rfwft/aempty_fwft_i,
exdes_i/zynq_us_ss_0/axi_interconnect_0/m05_couplers/auto_cc/inst/gen_clock_conv.gen_async_conv.asyncfifo_axi/inst_fifo_gen/gaxi_full_lite.gwrite_ch.gwrch2.axi_wrch/grf.rf/gntv_or_sync_fifo.gl0.rd/gr1.gr1_int.rfwft/aempty_fwft_i,
exdes_i/v_hdmi_rx_ss/inst/v_hdmi_rx/inst/SYS_INST/lclk_cke[3],
exdes_i/v_hdmi_tx_ss/inst/v_hdmi_tx/inst/SYS_INST/lclk_cke[4],
exdes_i/zynq_us_ss_0/axi_interconnect_0/m05_couplers/auto_cc/inst/gen_clock_conv.gen_async_conv.asyncfifo_axi/inst_fifo_gen/gaxi_full_lite.gread_ch.grach2.axi_rach/grf.rf/gntv_or_sync_fifo.gl0.rd/gras.rsts/ram_empty_i,
exdes_i/zynq_us_ss_0/axi_interconnect_0/m05_couplers/auto_cc/inst/gen_clock_conv.gen_async_conv.asyncfifo_axi/inst_fifo_gen/gaxi_full_lite.gwrite_ch.gwrch2.axi_wrch/grf.rf/gntv_or_sync_fifo.gl0.rd/gras.rsts/ram_empty_i,
exdes_i/zynq_us_ss_0/axi_interconnect_0/m08_couplers/auto_cc/inst/gen_clock_conv.gen_async_conv.asyncfifo_axi/inst_fifo_gen/gaxi_full_lite.gwrite_ch.gwdch2.axi_wdch/grf.rf/gntv_or_sync_fifo.gl0.rd/gras.rsts/ram_empty_i (the first 15 of 52 listed).
Related violations: <none>


