Copyright 1986-2018 Xilinx, Inc. All Rights Reserved.
----------------------------------------------------------------------------------------------------------------------------------------------------------------------
| Tool Version     : Vivado v.2018.3 (lin64) Build 2405991 Thu Dec  6 23:36:41 MST 2018
| Date             : Sun Apr 26 02:12:59 2020
| Host             : y-Blade-Stealth running 64-bit Ubuntu 16.04.6 LTS
| Command          : report_power -file design_1_wrapper_power_routed.rpt -pb design_1_wrapper_power_summary_routed.pb -rpx design_1_wrapper_power_routed.rpx
| Design           : design_1_wrapper
| Device           : xczu3eg-sbva484-1-e
| Design State     : routed
| Grade            : extended
| Process          : typical
| Characterization : Production
----------------------------------------------------------------------------------------------------------------------------------------------------------------------

Power Report

Table of Contents
-----------------
1. Summary
1.1 On-Chip Components
1.2 Power Supply Summary
1.3 Confidence Level
2. Settings
2.1 Environment
2.2 Clock Constraints
3. Detailed Reports
3.1 By Hierarchy

1. Summary
----------

+--------------------------+--------------+
| Total On-Chip Power (W)  | 2.099        |
| Design Power Budget (W)  | Unspecified* |
| Power Budget Margin (W)  | NA           |
| Dynamic (W)              | 1.783        |
| Device Static (W)        | 0.316        |
| Effective TJA (C/W)      | 2.7          |
| Max Ambient (C)          | 94.3         |
| Junction Temperature (C) | 30.7         |
| Confidence Level         | Medium       |
| Setting File             | ---          |
| Simulation Activity File | ---          |
| Design Nets Matched      | NA           |
+--------------------------+--------------+
* Specify Design Power Budget using, set_operating_conditions -design_power_budget <value in Watts>


1.1 On-Chip Components
----------------------

+--------------------------+-----------+----------+-----------+-----------------+
| On-Chip                  | Power (W) | Used     | Available | Utilization (%) |
+--------------------------+-----------+----------+-----------+-----------------+
| Clocks                   |     0.014 |        6 |       --- |             --- |
| CLB Logic                |     0.002 |     5544 |       --- |             --- |
|   LUT as Logic           |    <0.001 |     1569 |     70560 |            2.22 |
|   LUT as Shift Register  |    <0.001 |      158 |     28800 |            0.55 |
|   Register               |    <0.001 |     3009 |    141120 |            2.13 |
|   LUT as Distributed RAM |    <0.001 |       32 |     28800 |            0.11 |
|   CARRY8                 |    <0.001 |       45 |      8820 |            0.51 |
|   Others                 |     0.000 |      373 |       --- |             --- |
|   F7/F8 Muxes            |     0.000 |        6 |     70560 |           <0.01 |
| Signals                  |     0.002 |     4625 |       --- |             --- |
| Block RAM                |     0.012 |       24 |       216 |           11.11 |
| MMCM                     |     0.000 |        0 |       --- |             --- |
| PS8                      |     1.753 |        1 |       --- |             --- |
| Static Power             |     0.316 |          |           |                 |
|   PS Static              |     0.100 |          |           |                 |
|   PL Static              |     0.216 |          |           |                 |
| Total                    |     2.099 |          |           |                 |
+--------------------------+-----------+----------+-----------+-----------------+


1.2 Power Supply Summary
------------------------

+-----------------+-------------+-----------+-------------+------------+
| Source          | Voltage (V) | Total (A) | Dynamic (A) | Static (A) |
+-----------------+-------------+-----------+-------------+------------+
| Vccint          |       0.850 |     0.088 |       0.033 |      0.054 |
| Vccint_io       |       0.850 |     0.027 |       0.000 |      0.027 |
| Vccbram         |       0.850 |     0.002 |       0.001 |      0.001 |
| Vccaux          |       1.800 |     0.048 |       0.000 |      0.048 |
| Vccaux_io       |       1.800 |     0.025 |       0.000 |      0.025 |
| Vcco33          |       3.300 |     0.000 |       0.000 |      0.000 |
| Vcco25          |       2.500 |     0.000 |       0.000 |      0.000 |
| Vcco18          |       1.800 |     0.000 |       0.000 |      0.000 |
| Vcco15          |       1.500 |     0.000 |       0.000 |      0.000 |
| Vcco135         |       1.350 |     0.000 |       0.000 |      0.000 |
| Vcco12          |       1.200 |     0.000 |       0.000 |      0.000 |
| Vcco10          |       1.000 |     0.000 |       0.000 |      0.000 |
| Vccadc          |       1.800 |     0.008 |       0.000 |      0.008 |
| VCC_PSINTFP     |       0.850 |     0.971 |       0.935 |      0.037 |
| VCC_PSINTLP     |       0.850 |     0.316 |       0.309 |      0.007 |
| VPS_MGTRAVCC    |       0.850 |     0.135 |       0.134 |      0.001 |
| VCC_PSINTFP_DDR |       0.850 |     0.195 |       0.190 |      0.005 |
| VCC_PSPLL       |       1.200 |     0.070 |       0.068 |      0.002 |
| VPS_MGTRAVTT    |       1.800 |     0.034 |       0.033 |      0.001 |
| VCCO_PSDDR_504  |       1.200 |     0.249 |       0.215 |      0.034 |
| VCC_PSAUX       |       1.800 |     0.002 |       0.000 |      0.002 |
| VCC_PSBATT      |       1.200 |     0.000 |       0.000 |      0.000 |
| VCC_PSDDR_PLL   |       1.800 |     0.012 |       0.011 |      0.001 |
| VCCO_PSIO0_500  |       1.800 |     0.001 |       0.001 |      0.001 |
| VCCO_PSIO1_501  |       1.800 |     0.001 |       0.000 |      0.001 |
| VCCO_PSIO2_502  |       1.800 |     0.001 |       0.000 |      0.001 |
| VCCO_PSIO3_503  |       1.800 |     0.001 |       0.000 |      0.001 |
| VCC_PSADC       |       1.800 |     0.002 |       0.000 |      0.002 |
+-----------------+-------------+-----------+-------------+------------+


1.3 Confidence Level
--------------------

+-----------------------------+------------+------------------------------------------------+------------------------------------------------------------------------------------------------------------+
| User Input Data             | Confidence | Details                                        | Action                                                                                                     |
+-----------------------------+------------+------------------------------------------------+------------------------------------------------------------------------------------------------------------+
| Design implementation state | High       | Design is routed                               |                                                                                                            |
| Clock nodes activity        | High       | User specified more than 95% of clocks         |                                                                                                            |
| I/O nodes activity          | High       | User specified more than 95% of inputs         |                                                                                                            |
| Internal nodes activity     | Medium     | User specified less than 25% of internal nodes | Provide missing internal nodes activity with simulation results or by editing the "By Resource Type" views |
| Device models               | High       | Device models are Production                   |                                                                                                            |
|                             |            |                                                |                                                                                                            |
| Overall confidence level    | Medium     |                                                |                                                                                                            |
+-----------------------------+------------+------------------------------------------------+------------------------------------------------------------------------------------------------------------+


2. Settings
-----------

2.1 Environment
---------------

+-----------------------+--------------------------+
| Ambient Temp (C)      | 25.0                     |
| ThetaJA (C/W)         | 2.7                      |
| Airflow (LFM)         | 250                      |
| Heat Sink             | medium (Medium Profile)  |
| ThetaSA (C/W)         | 8.8                      |
| Board Selection       | medium (10"x10")         |
| # of Board Layers     | 12to15 (12 to 15 Layers) |
| Board Temperature (C) | 25.0                     |
+-----------------------+--------------------------+


2.2 Clock Constraints
---------------------

+-----------------------------------------------------------------------------------------------------+-------------------------------------------------------------------+-----------------+
| Clock                                                                                               | Domain                                                            | Constraint (ns) |
+-----------------------------------------------------------------------------------------------------+-------------------------------------------------------------------+-----------------+
| clk_out1_design_1_clk_wiz_0_0                                                                       | design_1_i/clk_wiz_0/inst/clk_out1_design_1_clk_wiz_0_0           |             6.7 |
| clk_pl_0                                                                                            | design_1_i/zynq_ultra_ps_e_0/inst/pl_clk0                         |            10.0 |
| clk_pl_0                                                                                            | design_1_i/zynq_ultra_ps_e_0/inst/pl_clk_unbuffered[0]            |            10.0 |
| dbg_hub/inst/BSCANID.u_xsdbm_id/SWITCH_N_EXT_BSCAN.bscan_inst/SERIES7_BSCAN.bscan_inst/INTERNAL_TCK | dbg_hub/inst/BSCANID.u_xsdbm_id/SWITCH_N_EXT_BSCAN.bscan_inst/in0 |            50.0 |
+-----------------------------------------------------------------------------------------------------+-------------------------------------------------------------------+-----------------+


3. Detailed Reports
-------------------

3.1 By Hierarchy
----------------

+--------------------------+-----------+
| Name                     | Power (W) |
+--------------------------+-----------+
| design_1_wrapper         |     1.783 |
|   dbg_hub                |     0.002 |
|     inst                 |     0.002 |
|       BSCANID.u_xsdbm_id |     0.002 |
|   design_1_i             |     1.754 |
|     zynq_ultra_ps_e_0    |     1.753 |
|       inst               |     1.753 |
|   u_ila_0                |     0.013 |
|     inst                 |     0.013 |
|       ila_core_inst      |     0.013 |
|   u_ila_1                |     0.014 |
|     inst                 |     0.014 |
|       ila_core_inst      |     0.014 |
+--------------------------+-----------+


